2017-11-04 00:02:34 	 [ INFO] 	 <middleware.go:19>  	 Form:map[],Path:localhost:8081/
2017-11-04 00:02:34 	 [ERROR] 	 <model_user.go:61>  	 Error 1366: Incorrect integer value: 'female' for column 'sex' at row 1
2017-11-04 00:03:04 	 [ INFO] 	 <middleware.go:19>  	 Form:map[],Path:localhost:8081/
2017-11-04 00:03:04 	 [ INFO] 	 <middleware.go:19>  	 Form:map[],Path:localhost:8081/favicon.ico
2017-11-04 00:03:18 	 [ INFO] 	 <middleware.go:19>  	 Form:map[],Path:localhost:8081/
2017-11-04 00:03:18 	 [ INFO] 	 <middleware.go:19>  	 Form:map[],Path:localhost:8081/favicon.ico
2017-11-04 00:03:22 	 [ INFO] 	 <middleware.go:19>  	 Form:map[],Path:localhost:8081/
2017-11-04 00:04:15 	 [ INFO] 	 <middleware.go:19>  	 Form:map[],Path:localhost:8081/
2017-11-04 00:21:02 	 [ INFO] 	 <middleware.go:19>  	 Form:map[],Path:localhost:8081/
2017-11-04 00:21:02 	 [ERROR] 	 <model_user.go:63>  	 Error 1054: Unknown column 'username' in 'field list'
2017-11-04 00:21:49 	 [ INFO] 	 <middleware.go:19>  	 Form:map[],Path:localhost:8081/
2017-11-04 00:21:49 	 [ERROR] 	 <model_user.go:62>  	 Error 1054: Unknown column 'username' in 'field list'
2017-11-04 00:22:40 	 [ INFO] 	 <middleware.go:19>  	 Form:map[],Path:localhost:8081/
2017-11-04 00:22:40 	 [ERROR] 	 <model_user.go:62>  	 Error 1054: Unknown column 'username' in 'field list'
2017-11-04 00:22:41 	 [ INFO] 	 <middleware.go:19>  	 Form:map[],Path:localhost:8081/
2017-11-04 00:22:41 	 [ERROR] 	 <model_user.go:62>  	 Error 1054: Unknown column 'username' in 'field list'
2017-11-04 00:22:50 	 [ INFO] 	 <middleware.go:19>  	 Form:map[],Path:localhost:8081/
2017-11-04 00:22:50 	 [ERROR] 	 <model_user.go:62>  	 Error 1054: Unknown column 'username' in 'field list'
2017-11-04 00:23:52 	 [ INFO] 	 <middleware.go:19>  	 Form:map[],Path:localhost:8081/
2017-11-04 00:23:52 	 [ERROR] 	 <model_user.go:63>  	 Error 1054: Unknown column 'username' in 'field list'
2017-11-04 00:26:56 	 [ INFO] 	 <middleware.go:19>  	 Form:map[],Path:localhost:8081/
2017-11-04 00:26:56 	 [ERROR] 	 <model_user.go:62>  	 Error 1054: Unknown column 'createtime' in 'field list'
2017-11-04 00:26:57 	 [ INFO] 	 <middleware.go:19>  	 Form:map[],Path:localhost:8081/
2017-11-04 00:26:57 	 [ERROR] 	 <model_user.go:62>  	 Error 1054: Unknown column 'createtime' in 'field list'
2017-11-04 00:28:31 	 [ INFO] 	 <middleware.go:19>  	 Form:map[],Path:localhost:8081/
2017-11-04 00:28:31 	 [ERROR] 	 <model_user.go:62>  	 Error 1366: Incorrect string value: '\xE7\xA0\x81\xE5\x86\x9C' for column 'username' at row 1
2017-11-04 00:35:33 	 [ INFO] 	 <middleware.go:19>  	 Form:map[],Path:localhost:8081/
2017-11-04 00:35:33 	 [ INFO] 	 <middleware.go:19>  	 Form:map[],Path:localhost:8081/favicon.ico
2017-11-04 00:47:21 	 [ INFO] 	 <middleware.go:19>  	 Form:map[],Path:localhost:8081/
2017-11-04 00:47:21 	 [ERROR] 	 <model_user.go:64>  	 sql: expected 5 arguments, got 4
2017-11-04 00:48:11 	 [ INFO] 	 <middleware.go:19>  	 Form:map[],Path:localhost:8081/
2017-11-04 00:48:11 	 [ERROR] 	 <model_user.go:64>  	 sql: expected 5 arguments, got 4
2017-11-04 00:49:33 	 [ INFO] 	 <middleware.go:19>  	 Form:map[],Path:localhost:8081/
2017-11-04 00:49:34 	 [ INFO] 	 <middleware.go:19>  	 Form:map[],Path:localhost:8081/favicon.ico
2017-11-04 00:49:35 	 [ INFO] 	 <middleware.go:19>  	 Form:map[],Path:localhost:8081/
2017-11-04 00:49:35 	 [ INFO] 	 <middleware.go:19>  	 Form:map[],Path:localhost:8081/favicon.ico
2017-11-04 00:49:35 	 [ INFO] 	 <middleware.go:19>  	 Form:map[],Path:localhost:8081/
2017-11-04 00:49:35 	 [ INFO] 	 <middleware.go:19>  	 Form:map[],Path:localhost:8081/
2017-11-04 00:49:35 	 [ INFO] 	 <middleware.go:19>  	 Form:map[],Path:localhost:8081/
2017-11-04 00:49:35 	 [ INFO] 	 <middleware.go:19>  	 Form:map[],Path:localhost:8081/
2017-11-04 00:49:36 	 [ INFO] 	 <middleware.go:19>  	 Form:map[],Path:localhost:8081/favicon.ico
2017-11-04 00:49:36 	 [ INFO] 	 <middleware.go:19>  	 Form:map[],Path:localhost:8081/favicon.ico
2017-11-04 00:49:36 	 [ INFO] 	 <middleware.go:19>  	 Form:map[],Path:localhost:8081/
2017-11-04 00:51:24 	 [ INFO] 	 <middleware.go:19>  	 Form:map[],Path:localhost:8081/
2017-11-04 00:51:24 	 [ INFO] 	 <middleware.go:19>  	 Form:map[],Path:localhost:8081/favicon.ico
2017-11-04 00:52:34 	 [ INFO] 	 <middleware.go:19>  	 Form:map[],Path:localhost:8081/
2017-11-04 00:52:34 	 [ INFO] 	 <middleware.go:19>  	 Form:map[],Path:localhost:8081/favicon.ico
2017-11-04 00:54:36 	 [ INFO] 	 <middleware.go:19>  	 Form:map[],Path:localhost:8081/
2017-11-04 00:54:36 	 [ERROR] 	 <model_user.go:66>  	 Error 1366: Incorrect integer value: 'female' for column 'sex' at row 1
2017-11-04 00:54:52 	 [ INFO] 	 <middleware.go:19>  	 Form:map[],Path:localhost:8081/
2017-11-04 00:54:52 	 [ INFO] 	 <middleware.go:19>  	 Form:map[],Path:localhost:8081/favicon.ico
2017-11-04 00:54:54 	 [ INFO] 	 <middleware.go:19>  	 Form:map[],Path:localhost:8081/
2017-11-04 00:54:54 	 [ INFO] 	 <middleware.go:19>  	 Form:map[],Path:localhost:8081/favicon.ico
2017-11-04 00:56:12 	 [ INFO] 	 <middleware.go:19>  	 Form:map[],Path:localhost:8081/
2017-11-04 00:56:12 	 [ INFO] 	 <middleware.go:19>  	 Form:map[],Path:localhost:8081/favicon.ico
2017-11-04 00:56:13 	 [ INFO] 	 <middleware.go:19>  	 Form:map[],Path:localhost:8081/
2017-11-04 00:56:13 	 [ INFO] 	 <middleware.go:19>  	 Form:map[],Path:localhost:8081/favicon.ico
2017-11-04 00:56:54 	 [ INFO] 	 <middleware.go:19>  	 Form:map[],Path:localhost:8081/
2017-11-04 00:56:55 	 [ INFO] 	 <middleware.go:19>  	 Form:map[],Path:localhost:8081/
2017-11-04 00:56:55 	 [ INFO] 	 <middleware.go:19>  	 Form:map[],Path:localhost:8081/favicon.ico
2017-11-04 01:06:02 	 [ INFO] 	 <middleware.go:19>  	 Form:map[],Path:localhost:8081/
2017-11-04 01:06:03 	 [ INFO] 	 <middleware.go:19>  	 Form:map[],Path:localhost:8081/favicon.ico
2017-11-04 01:06:05 	 [ INFO] 	 <middleware.go:19>  	 Form:map[],Path:localhost:8081/
2017-11-04 01:06:05 	 [ INFO] 	 <middleware.go:19>  	 Form:map[],Path:localhost:8081/favicon.ico
2017-11-04 01:06:05 	 [ INFO] 	 <middleware.go:19>  	 Form:map[],Path:localhost:8081/
2017-11-04 01:06:06 	 [ INFO] 	 <middleware.go:19>  	 Form:map[],Path:localhost:8081/
2017-11-04 01:06:06 	 [ INFO] 	 <middleware.go:19>  	 Form:map[],Path:localhost:8081/favicon.ico
2017-11-04 01:06:06 	 [ INFO] 	 <middleware.go:19>  	 Form:map[],Path:localhost:8081/
2017-11-04 01:06:06 	 [ INFO] 	 <middleware.go:19>  	 Form:map[],Path:localhost:8081/favicon.ico
2017-11-04 01:06:07 	 [ INFO] 	 <middleware.go:19>  	 Form:map[],Path:localhost:8081/
2017-11-04 01:06:07 	 [ INFO] 	 <middleware.go:19>  	 Form:map[],Path:localhost:8081/favicon.ico
2017-11-04 01:06:07 	 [ INFO] 	 <middleware.go:19>  	 Form:map[],Path:localhost:8081/
2017-11-04 01:06:07 	 [ INFO] 	 <middleware.go:19>  	 Form:map[],Path:localhost:8081/favicon.ico
2017-11-04 01:06:07 	 [ INFO] 	 <middleware.go:19>  	 Form:map[],Path:localhost:8081/
2017-11-04 01:06:08 	 [ INFO] 	 <middleware.go:19>  	 Form:map[],Path:localhost:8081/
2017-11-04 01:06:08 	 [ INFO] 	 <middleware.go:19>  	 Form:map[],Path:localhost:8081/favicon.ico
2017-11-04 01:06:08 	 [ INFO] 	 <middleware.go:19>  	 Form:map[],Path:localhost:8081/
2017-11-04 01:06:08 	 [ INFO] 	 <middleware.go:19>  	 Form:map[],Path:localhost:8081/favicon.ico
2017-11-04 01:06:09 	 [ INFO] 	 <middleware.go:19>  	 Form:map[],Path:localhost:8081/
2017-11-04 01:06:09 	 [ INFO] 	 <middleware.go:19>  	 Form:map[],Path:localhost:8081/favicon.ico
2017-11-04 01:06:10 	 [ INFO] 	 <middleware.go:19>  	 Form:map[],Path:localhost:8081/
2017-11-04 01:06:10 	 [ INFO] 	 <middleware.go:19>  	 Form:map[],Path:localhost:8081/favicon.ico
2017-11-04 01:06:10 	 [ INFO] 	 <middleware.go:19>  	 Form:map[],Path:localhost:8081/
2017-11-04 01:06:10 	 [ INFO] 	 <middleware.go:19>  	 Form:map[],Path:localhost:8081/favicon.ico
2017-11-04 01:06:10 	 [ INFO] 	 <middleware.go:19>  	 Form:map[],Path:localhost:8081/
2017-11-04 01:06:11 	 [ INFO] 	 <middleware.go:19>  	 Form:map[],Path:localhost:8081/
2017-11-04 01:06:11 	 [ INFO] 	 <middleware.go:19>  	 Form:map[],Path:localhost:8081/favicon.ico
2017-11-04 01:06:11 	 [ INFO] 	 <middleware.go:19>  	 Form:map[],Path:localhost:8081/
2017-11-04 01:06:11 	 [ INFO] 	 <middleware.go:19>  	 Form:map[],Path:localhost:8081/favicon.ico
2017-11-04 01:06:11 	 [ INFO] 	 <middleware.go:19>  	 Form:map[],Path:localhost:8081/
2017-11-04 01:06:12 	 [ INFO] 	 <middleware.go:19>  	 Form:map[],Path:localhost:8081/
2017-11-04 01:06:12 	 [ INFO] 	 <middleware.go:19>  	 Form:map[],Path:localhost:8081/favicon.ico
2017-11-04 01:06:12 	 [ INFO] 	 <middleware.go:19>  	 Form:map[],Path:localhost:8081/
2017-11-04 01:17:11 	 [ INFO] 	 <middleware.go:19>  	 Form:map[],Path:localhost:8081/
2017-11-04 01:17:11 	 [ERROR] 	 <model_user.go:62>  	 sql: expected 6 arguments, got 5
2017-11-04 01:17:59 	 [ INFO] 	 <middleware.go:19>  	 Form:map[],Path:localhost:8081/
2017-11-04 01:19:05 	 [ INFO] 	 <middleware.go:19>  	 Form:map[],Path:localhost:8081/
2017-11-04 01:20:53 	 [ INFO] 	 <middleware.go:19>  	 Form:map[],Path:localhost:8081/
2017-11-04 01:21:42 	 [ INFO] 	 <middleware.go:19>  	 Form:map[],Path:localhost:8081/
2017-11-04 01:22:03 	 [ INFO] 	 <middleware.go:19>  	 Form:map[],Path:localhost:8081/
2017-11-04 21:36:14 	 [ INFO] 	 <middleware.go:19>  	 Form:map[],Path:localhost:8081/
2017-11-04 21:53:33 	 [ INFO] 	 <middleware.go:19>  	 Form:map[],Path:localhost:8081/
2017-11-04 21:53:33 	 [ INFO] 	 <middleware.go:19>  	 Form:map[],Path:localhost:8081/favicon.ico
2017-11-04 22:19:00 	 [ INFO] 	 <middleware.go:19>  	 Form:map[],Path:localhost:8081/
2017-11-04 22:19:39 	 [ INFO] 	 <middleware.go:19>  	 Form:map[],Path:localhost:8081/
2017-11-04 22:19:40 	 [ INFO] 	 <middleware.go:19>  	 Form:map[],Path:localhost:8081/
2017-11-04 22:21:06 	 [ INFO] 	 <middleware.go:19>  	 Form:map[],Path:localhost:8081/
2017-11-04 22:22:17 	 [ INFO] 	 <middleware.go:19>  	 Form:map[],Path:localhost:8081/
2017-11-04 22:22:18 	 [ INFO] 	 <middleware.go:19>  	 Form:map[],Path:localhost:8081/favicon.ico
2017-11-04 22:22:18 	 [ INFO] 	 <middleware.go:19>  	 Form:map[],Path:localhost:8081/
2017-11-04 22:22:18 	 [ INFO] 	 <middleware.go:19>  	 Form:map[],Path:localhost:8081/favicon.ico
2017-11-04 22:22:18 	 [ INFO] 	 <middleware.go:19>  	 Form:map[],Path:localhost:8081/
2017-11-04 22:22:19 	 [ INFO] 	 <middleware.go:19>  	 Form:map[],Path:localhost:8081/
2017-11-04 22:22:19 	 [ INFO] 	 <middleware.go:19>  	 Form:map[],Path:localhost:8081/favicon.ico
2017-11-04 22:22:52 	 [ INFO] 	 <middleware.go:19>  	 Form:map[],Path:localhost:8081/
2017-11-04 22:24:49 	 [ INFO] 	 <middleware.go:19>  	 Form:map[],Path:localhost:8081/
2017-11-04 22:25:34 	 [ INFO] 	 <middleware.go:19>  	 Form:map[],Path:localhost:8081/
2017-11-04 22:26:53 	 [ INFO] 	 <middleware.go:19>  	 Form:map[],Path:localhost:8081/
2017-11-04 22:26:54 	 [ INFO] 	 <middleware.go:19>  	 Form:map[],Path:localhost:8081/
2017-11-04 22:27:58 	 [ INFO] 	 <middleware.go:19>  	 Form:map[],Path:localhost:8081/
2017-11-04 22:27:58 	 [ INFO] 	 <middleware.go:19>  	 Form:map[],Path:localhost:8081/favicon.ico
2017-11-04 22:27:59 	 [ INFO] 	 <middleware.go:19>  	 Form:map[],Path:localhost:8081/
2017-11-04 22:27:59 	 [ INFO] 	 <middleware.go:19>  	 Form:map[],Path:localhost:8081/favicon.ico
2017-11-04 22:27:59 	 [ INFO] 	 <middleware.go:19>  	 Form:map[],Path:localhost:8081/
2017-11-04 22:28:00 	 [ INFO] 	 <middleware.go:19>  	 Form:map[],Path:localhost:8081/
2017-11-04 22:28:00 	 [ INFO] 	 <middleware.go:19>  	 Form:map[],Path:localhost:8081/favicon.ico
2017-11-04 22:29:51 	 [ INFO] 	 <middleware.go:19>  	 Form:map[],Path:localhost:8081/
2017-11-04 22:29:51 	 [ INFO] 	 <middleware.go:19>  	 Form:map[],Path:localhost:8081/favicon.ico
2017-11-04 22:29:51 	 [ INFO] 	 <middleware.go:19>  	 Form:map[],Path:localhost:8081/
2017-11-04 22:29:51 	 [ INFO] 	 <middleware.go:19>  	 Form:map[],Path:localhost:8081/
2017-11-04 22:29:51 	 [ INFO] 	 <middleware.go:19>  	 Form:map[],Path:localhost:8081/favicon.ico
2017-11-04 22:29:51 	 [ INFO] 	 <middleware.go:19>  	 Form:map[],Path:localhost:8081/
2017-11-04 22:29:51 	 [ INFO] 	 <middleware.go:19>  	 Form:map[],Path:localhost:8081/
2017-11-04 22:29:51 	 [ INFO] 	 <middleware.go:19>  	 Form:map[],Path:localhost:8081/favicon.ico
2017-11-04 22:29:51 	 [ INFO] 	 <middleware.go:19>  	 Form:map[],Path:localhost:8081/
2017-11-04 22:29:52 	 [ INFO] 	 <middleware.go:19>  	 Form:map[],Path:localhost:8081/
2017-11-04 22:29:52 	 [ INFO] 	 <middleware.go:19>  	 Form:map[],Path:localhost:8081/
2017-11-04 22:29:52 	 [ INFO] 	 <middleware.go:19>  	 Form:map[],Path:localhost:8081/
2017-11-04 22:29:52 	 [ INFO] 	 <middleware.go:19>  	 Form:map[],Path:localhost:8081/
2017-11-04 22:29:52 	 [ INFO] 	 <middleware.go:19>  	 Form:map[],Path:localhost:8081/
2017-11-04 22:29:53 	 [ INFO] 	 <middleware.go:19>  	 Form:map[],Path:localhost:8081/
2017-11-04 22:29:53 	 [ INFO] 	 <middleware.go:19>  	 Form:map[],Path:localhost:8081/
2017-11-04 22:29:53 	 [ INFO] 	 <middleware.go:19>  	 Form:map[],Path:localhost:8081/
2017-11-04 22:29:53 	 [ INFO] 	 <middleware.go:19>  	 Form:map[],Path:localhost:8081/
2017-11-04 22:29:53 	 [ INFO] 	 <middleware.go:19>  	 Form:map[],Path:localhost:8081/
2017-11-04 22:29:53 	 [ INFO] 	 <middleware.go:19>  	 Form:map[],Path:localhost:8081/
2017-11-04 22:29:54 	 [ INFO] 	 <middleware.go:19>  	 Form:map[],Path:localhost:8081/favicon.ico
2017-11-04 22:29:54 	 [ INFO] 	 <middleware.go:19>  	 Form:map[],Path:localhost:8081/
2017-11-04 22:30:54 	 [ INFO] 	 <middleware.go:19>  	 Form:map[],Path:localhost:8081/
2017-11-04 22:33:06 	 [ INFO] 	 <middleware.go:19>  	 Form:map[],Path:localhost:8081/
2017-11-04 22:34:16 	 [ INFO] 	 <middleware.go:19>  	 Form:map[],Path:localhost:8081/
2017-11-04 22:34:17 	 [ INFO] 	 <middleware.go:19>  	 Form:map[],Path:localhost:8081/favicon.ico
2017-11-04 22:34:18 	 [ INFO] 	 <middleware.go:19>  	 Form:map[],Path:localhost:8081/
2017-11-04 22:34:18 	 [ INFO] 	 <middleware.go:19>  	 Form:map[],Path:localhost:8081/favicon.ico
2017-11-04 22:34:18 	 [ INFO] 	 <middleware.go:19>  	 Form:map[],Path:localhost:8081/
2017-11-04 22:34:18 	 [ INFO] 	 <middleware.go:19>  	 Form:map[],Path:localhost:8081/favicon.ico
2017-11-04 22:34:18 	 [ INFO] 	 <middleware.go:19>  	 Form:map[],Path:localhost:8081/
2017-11-04 22:34:19 	 [ INFO] 	 <middleware.go:19>  	 Form:map[],Path:localhost:8081/
2017-11-04 22:34:19 	 [ INFO] 	 <middleware.go:19>  	 Form:map[],Path:localhost:8081/favicon.ico
2017-11-04 22:34:19 	 [ INFO] 	 <middleware.go:19>  	 Form:map[],Path:localhost:8081/
2017-11-04 22:34:19 	 [ INFO] 	 <middleware.go:19>  	 Form:map[],Path:localhost:8081/favicon.ico
2017-11-04 22:34:19 	 [ INFO] 	 <middleware.go:19>  	 Form:map[],Path:localhost:8081/
2017-11-04 22:34:19 	 [ INFO] 	 <middleware.go:19>  	 Form:map[],Path:localhost:8081/
2017-11-04 22:34:20 	 [ INFO] 	 <middleware.go:19>  	 Form:map[],Path:localhost:8081/favicon.ico
2017-11-04 22:34:20 	 [ INFO] 	 <middleware.go:19>  	 Form:map[],Path:localhost:8081/
2017-11-04 22:34:20 	 [ INFO] 	 <middleware.go:19>  	 Form:map[],Path:localhost:8081/
2017-11-04 22:34:20 	 [ INFO] 	 <middleware.go:19>  	 Form:map[],Path:localhost:8081/
2017-11-04 22:34:20 	 [ INFO] 	 <middleware.go:19>  	 Form:map[],Path:localhost:8081/
2017-11-04 22:34:21 	 [ INFO] 	 <middleware.go:19>  	 Form:map[],Path:localhost:8081/
2017-11-04 22:34:21 	 [ INFO] 	 <middleware.go:19>  	 Form:map[],Path:localhost:8081/favicon.ico
2017-11-04 22:34:21 	 [ INFO] 	 <middleware.go:19>  	 Form:map[],Path:localhost:8081/
2017-11-04 22:34:21 	 [ INFO] 	 <middleware.go:19>  	 Form:map[],Path:localhost:8081/
2017-11-04 22:34:21 	 [ INFO] 	 <middleware.go:19>  	 Form:map[],Path:localhost:8081/
2017-11-04 22:34:21 	 [ INFO] 	 <middleware.go:19>  	 Form:map[],Path:localhost:8081/favicon.ico
2017-11-04 22:34:21 	 [ INFO] 	 <middleware.go:19>  	 Form:map[],Path:localhost:8081/
2017-11-04 22:34:22 	 [ INFO] 	 <middleware.go:19>  	 Form:map[],Path:localhost:8081/
2017-11-04 22:34:22 	 [ INFO] 	 <middleware.go:19>  	 Form:map[],Path:localhost:8081/
2017-11-04 22:34:22 	 [ INFO] 	 <middleware.go:19>  	 Form:map[],Path:localhost:8081/
2017-11-04 22:34:22 	 [ INFO] 	 <middleware.go:19>  	 Form:map[],Path:localhost:8081/
2017-11-04 22:34:22 	 [ INFO] 	 <middleware.go:19>  	 Form:map[],Path:localhost:8081/
2017-11-04 22:34:23 	 [ INFO] 	 <middleware.go:19>  	 Form:map[],Path:localhost:8081/favicon.ico
2017-11-04 22:34:23 	 [ INFO] 	 <middleware.go:19>  	 Form:map[],Path:localhost:8081/
2017-11-04 22:34:23 	 [ INFO] 	 <middleware.go:19>  	 Form:map[],Path:localhost:8081/
2017-11-04 22:34:36 	 [ INFO] 	 <middleware.go:19>  	 Form:map[],Path:localhost:8081/
2017-11-04 22:39:20 	 [ INFO] 	 <middleware.go:19>  	 Form:map[],Path:localhost:8081/
2017-11-04 22:39:21 	 [ INFO] 	 <middleware.go:19>  	 Form:map[],Path:localhost:8081/favicon.ico
2017-11-04 22:39:21 	 [ INFO] 	 <middleware.go:19>  	 Form:map[],Path:localhost:8081/
2017-11-04 22:39:21 	 [ INFO] 	 <middleware.go:19>  	 Form:map[],Path:localhost:8081/favicon.ico
2017-11-04 22:39:21 	 [ INFO] 	 <middleware.go:19>  	 Form:map[],Path:localhost:8081/
2017-11-04 22:39:21 	 [ INFO] 	 <middleware.go:19>  	 Form:map[],Path:localhost:8081/
2017-11-04 22:39:21 	 [ INFO] 	 <middleware.go:19>  	 Form:map[],Path:localhost:8081/favicon.ico
2017-11-04 22:39:21 	 [ INFO] 	 <middleware.go:19>  	 Form:map[],Path:localhost:8081/
2017-11-04 22:44:25 	 [ INFO] 	 <middleware.go:19>  	 Form:map[],Path:localhost:8081/
2017-11-04 22:44:25 	 [ INFO] 	 <middleware.go:19>  	 Form:map[],Path:localhost:8081/favicon.ico
2017-11-04 22:44:26 	 [ INFO] 	 <middleware.go:19>  	 Form:map[],Path:localhost:8081/
2017-11-04 22:44:26 	 [ INFO] 	 <middleware.go:19>  	 Form:map[],Path:localhost:8081/favicon.ico
2017-11-04 22:45:33 	 [ INFO] 	 <middleware.go:19>  	 Form:map[],Path:localhost:8081/
2017-11-04 22:45:33 	 [ INFO] 	 <middleware.go:19>  	 Form:map[],Path:localhost:8081/favicon.ico
2017-11-04 22:58:22 	 [ INFO] 	 <middleware.go:19>  	 Form:map[],Path:localhost:8081/
2017-11-04 22:58:22 	 [ INFO] 	 <middleware.go:19>  	 Form:map[],Path:localhost:8081/favicon.ico
2017-11-04 23:26:11 	 [ INFO] 	 <middleware.go:19>  	 Form:map[],Path:localhost:8081/
2017-11-04 23:26:45 	 [ INFO] 	 <middleware.go:19>  	 Form:map[],Path:localhost:8081/
2017-11-04 23:26:45 	 [ERROR] 	 <model_user.go:71>  	 Error 1146: Table 'test.person' doesn't exist
2017-11-04 23:26:45 	 [ INFO] 	 <middleware.go:19>  	 Form:map[],Path:localhost:8081/favicon.ico
2017-11-04 23:26:48 	 [ INFO] 	 <middleware.go:19>  	 Form:map[],Path:localhost:8081/
2017-11-04 23:26:48 	 [ERROR] 	 <model_user.go:71>  	 Error 1146: Table 'test.person' doesn't exist
2017-11-04 23:26:48 	 [ INFO] 	 <middleware.go:19>  	 Form:map[],Path:localhost:8081/favicon.ico
2017-11-04 23:27:24 	 [ INFO] 	 <middleware.go:19>  	 Form:map[],Path:localhost:8081/
2017-11-04 23:27:24 	 [ERROR] 	 <model_user.go:71>  	 Error 1054: Unknown column 'id' in 'field list'
2017-11-04 23:27:25 	 [ INFO] 	 <middleware.go:19>  	 Form:map[],Path:localhost:8081/favicon.ico
2017-11-04 23:27:25 	 [ INFO] 	 <middleware.go:19>  	 Form:map[],Path:localhost:8081/
2017-11-04 23:27:25 	 [ERROR] 	 <model_user.go:71>  	 Error 1054: Unknown column 'id' in 'field list'
2017-11-04 23:27:25 	 [ INFO] 	 <middleware.go:19>  	 Form:map[],Path:localhost:8081/favicon.ico
2017-11-04 23:27:25 	 [ INFO] 	 <middleware.go:19>  	 Form:map[],Path:localhost:8081/
2017-11-04 23:27:25 	 [ERROR] 	 <model_user.go:71>  	 Error 1054: Unknown column 'id' in 'field list'
2017-11-04 23:28:33 	 [ INFO] 	 <middleware.go:19>  	 Form:map[],Path:localhost:8081/
2017-11-04 23:28:33 	 [ERROR] 	 <model_user.go:71>  	 sql: Scan error on column index 3: unsupported Scan, storing driver.Value type []uint8 into type *time.Time
2017-11-04 23:28:34 	 [ INFO] 	 <middleware.go:19>  	 Form:map[],Path:localhost:8081/favicon.ico
2017-11-04 23:28:34 	 [ INFO] 	 <middleware.go:19>  	 Form:map[],Path:localhost:8081/
2017-11-04 23:28:34 	 [ERROR] 	 <model_user.go:71>  	 sql: Scan error on column index 3: unsupported Scan, storing driver.Value type []uint8 into type *time.Time
2017-11-04 23:28:34 	 [ INFO] 	 <middleware.go:19>  	 Form:map[],Path:localhost:8081/favicon.ico
2017-11-04 23:31:33 	 [ INFO] 	 <middleware.go:19>  	 Form:map[],Path:localhost:8081/
2017-11-04 23:31:33 	 [ERROR] 	 <model_user.go:72>  	 sql: Scan error on column index 3: converting driver.Value type []uint8 ("2017-11-04 14:58:22") to a int32: invalid syntax
2017-11-04 23:31:33 	 [ INFO] 	 <middleware.go:19>  	 Form:map[],Path:localhost:8081/favicon.ico
2017-11-04 23:31:52 	 [ INFO] 	 <middleware.go:19>  	 Form:map[],Path:localhost:8081/
2017-11-04 23:31:52 	 [ERROR] 	 <model_user.go:72>  	 sql: Scan error on column index 3: unsupported Scan, storing driver.Value type []uint8 into type *time.Time
2017-11-04 23:31:53 	 [ INFO] 	 <middleware.go:19>  	 Form:map[],Path:localhost:8081/favicon.ico
2017-11-04 23:31:54 	 [ INFO] 	 <middleware.go:19>  	 Form:map[],Path:localhost:8081/
2017-11-04 23:31:54 	 [ERROR] 	 <model_user.go:72>  	 sql: Scan error on column index 3: unsupported Scan, storing driver.Value type []uint8 into type *time.Time
2017-11-04 23:31:54 	 [ INFO] 	 <middleware.go:19>  	 Form:map[],Path:localhost:8081/favicon.ico
2017-11-04 23:31:55 	 [ INFO] 	 <middleware.go:19>  	 Form:map[],Path:localhost:8081/
2017-11-04 23:31:55 	 [ERROR] 	 <model_user.go:72>  	 sql: Scan error on column index 3: unsupported Scan, storing driver.Value type []uint8 into type *time.Time
2017-11-04 23:31:55 	 [ INFO] 	 <middleware.go:19>  	 Form:map[],Path:localhost:8081/favicon.ico
2017-11-04 23:35:19 	 [ INFO] 	 <middleware.go:19>  	 Form:map[],Path:localhost:8081/
2017-11-04 23:35:19 	 [ERROR] 	 <model_user.go:72>  	 sql: Scan error on column index 3: unsupported Scan, storing driver.Value type []uint8 into type *time.Time
2017-11-04 23:35:19 	 [ INFO] 	 <middleware.go:19>  	 Form:map[],Path:localhost:8081/favicon.ico
2017-11-04 23:38:19 	 [ INFO] 	 <middleware.go:19>  	 Form:map[],Path:localhost:8081/
2017-11-04 23:38:19 	 [ERROR] 	 <model_user.go:74>  	 sql: Scan error on column index 3: converting driver.Value type []uint8 ("2017-11-04 14:58:22") to a int64: invalid syntax
2017-11-04 23:38:19 	 [ INFO] 	 <middleware.go:19>  	 Form:map[],Path:localhost:8081/favicon.ico
2017-11-04 23:38:21 	 [ INFO] 	 <middleware.go:19>  	 Form:map[],Path:localhost:8081/
2017-11-04 23:38:21 	 [ERROR] 	 <model_user.go:74>  	 sql: Scan error on column index 3: converting driver.Value type []uint8 ("2017-11-04 14:58:22") to a int64: invalid syntax
2017-11-04 23:38:21 	 [ INFO] 	 <middleware.go:19>  	 Form:map[],Path:localhost:8081/favicon.ico
2017-11-04 23:38:21 	 [ INFO] 	 <middleware.go:19>  	 Form:map[],Path:localhost:8081/
2017-11-04 23:38:21 	 [ERROR] 	 <model_user.go:74>  	 sql: Scan error on column index 3: converting driver.Value type []uint8 ("2017-11-04 14:58:22") to a int64: invalid syntax
2017-11-04 23:38:21 	 [ INFO] 	 <middleware.go:19>  	 Form:map[],Path:localhost:8081/favicon.ico
2017-11-04 23:41:17 	 [ INFO] 	 <middleware.go:19>  	 Form:map[],Path:localhost:8081/
2017-11-04 23:41:17 	 [ERROR] 	 <model_user.go:75>  	 sql: Scan error on column index 3: converting driver.Value type []uint8 ("2017-11-04 14:58:22") to a uint8: value out of range
2017-11-04 23:41:17 	 [ INFO] 	 <middleware.go:19>  	 Form:map[],Path:localhost:8081/favicon.ico
2017-11-04 23:45:36 	 [ INFO] 	 <middleware.go:19>  	 Form:map[],Path:localhost:8081/
2017-11-04 23:45:36 	 [ INFO] 	 <middleware.go:19>  	 Form:map[],Path:localhost:8081/favicon.ico
