2017-11-05 00:08:59 	 [ INFO] 	 <middleware.go:19>  	 Form:map[],Path:localhost:8081/
2017-11-05 00:08:59 	 [ INFO] 	 <middleware.go:19>  	 Form:map[],Path:localhost:8081/favicon.ico
2017-11-05 00:11:33 	 [ INFO] 	 <middleware.go:19>  	 Form:map[],Path:localhost:8081/
2017-11-05 00:11:33 	 [ERROR] 	 <model_user.go:75>  	 sql: Scan error on column index 3: converting driver.Value type <nil> ("<nil>") to a int64: invalid syntax
2017-11-05 00:11:33 	 [ INFO] 	 <middleware.go:19>  	 Form:map[],Path:localhost:8081/favicon.ico
2017-11-05 00:11:54 	 [ INFO] 	 <middleware.go:19>  	 Form:map[],Path:localhost:8081/
2017-11-05 00:11:54 	 [ INFO] 	 <middleware.go:19>  	 Form:map[],Path:localhost:8081/favicon.ico
2017-11-05 00:14:48 	 [ INFO] 	 <middleware.go:19>  	 Form:map[],Path:localhost:8081/
2017-11-05 00:14:49 	 [ INFO] 	 <middleware.go:19>  	 Form:map[],Path:localhost:8081/favicon.ico
2017-11-05 00:21:41 	 [ INFO] 	 <middleware.go:19>  	 Form:map[],Path:localhost:8081/
2017-11-05 00:21:41 	 [ INFO] 	 <middleware.go:19>  	 Form:map[],Path:localhost:8081/favicon.ico
2017-11-05 00:21:42 	 [ INFO] 	 <middleware.go:19>  	 Form:map[],Path:localhost:8081/
2017-11-05 00:21:42 	 [ INFO] 	 <middleware.go:19>  	 Form:map[],Path:localhost:8081/favicon.ico
2017-11-05 00:21:43 	 [ INFO] 	 <middleware.go:19>  	 Form:map[],Path:localhost:8081/
2017-11-05 00:21:43 	 [ INFO] 	 <middleware.go:19>  	 Form:map[],Path:localhost:8081/favicon.ico
2017-11-05 00:21:43 	 [ INFO] 	 <middleware.go:19>  	 Form:map[],Path:localhost:8081/
2017-11-05 00:21:43 	 [ INFO] 	 <middleware.go:19>  	 Form:map[],Path:localhost:8081/favicon.ico
2017-11-05 00:21:43 	 [ INFO] 	 <middleware.go:19>  	 Form:map[],Path:localhost:8081/
2017-11-05 00:21:43 	 [ INFO] 	 <middleware.go:19>  	 Form:map[],Path:localhost:8081/
2017-11-05 00:22:17 	 [ INFO] 	 <middleware.go:19>  	 Form:map[],Path:localhost:8081/
2017-11-05 00:22:17 	 [ INFO] 	 <middleware.go:19>  	 Form:map[],Path:localhost:8081/favicon.ico
2017-11-05 00:22:23 	 [ INFO] 	 <middleware.go:19>  	 Form:map[],Path:localhost:8081/
2017-11-05 00:22:24 	 [ INFO] 	 <middleware.go:19>  	 Form:map[],Path:localhost:8081/favicon.ico
2017-11-05 00:25:20 	 [ INFO] 	 <middleware.go:19>  	 Form:map[],Path:localhost:8081/
2017-11-05 00:25:20 	 [ERROR] 	 <model_user.go:70>  	 sql: expected 9 destination arguments in Scan, not 8
2017-11-05 00:25:20 	 [ INFO] 	 <middleware.go:19>  	 Form:map[],Path:localhost:8081/favicon.ico
2017-11-05 00:25:56 	 [ INFO] 	 <middleware.go:19>  	 Form:map[],Path:localhost:8081/
2017-11-05 00:25:56 	 [ERROR] 	 <model_user.go:70>  	 sql: expected 9 destination arguments in Scan, not 8
2017-11-05 00:25:57 	 [ INFO] 	 <middleware.go:19>  	 Form:map[],Path:localhost:8081/favicon.ico
2017-11-05 00:26:16 	 [ INFO] 	 <middleware.go:19>  	 Form:map[],Path:localhost:8081/
2017-11-05 00:26:16 	 [ERROR] 	 <model_user.go:71>  	 sql: expected 9 destination arguments in Scan, not 8
2017-11-05 00:26:16 	 [ INFO] 	 <middleware.go:19>  	 Form:map[],Path:localhost:8081/favicon.ico
2017-11-05 00:26:30 	 [ INFO] 	 <middleware.go:19>  	 Form:map[],Path:localhost:8081/
2017-11-05 00:26:30 	 [ERROR] 	 <model_user.go:71>  	 sql: expected 9 destination arguments in Scan, not 8
2017-11-05 00:26:31 	 [ INFO] 	 <middleware.go:19>  	 Form:map[],Path:localhost:8081/favicon.ico
2017-11-05 00:26:46 	 [ INFO] 	 <middleware.go:19>  	 Form:map[],Path:localhost:8081/
2017-11-05 00:26:46 	 [ERROR] 	 <model_user.go:71>  	 sql: expected 9 destination arguments in Scan, not 8
2017-11-05 00:26:46 	 [ INFO] 	 <middleware.go:19>  	 Form:map[],Path:localhost:8081/favicon.ico
2017-11-05 00:28:24 	 [ INFO] 	 <middleware.go:19>  	 Form:map[],Path:localhost:8081/
2017-11-05 00:28:24 	 [ERROR] 	 <model_user.go:71>  	 sql: expected 9 destination arguments in Scan, not 8
2017-11-05 00:28:25 	 [ INFO] 	 <middleware.go:19>  	 Form:map[],Path:localhost:8081/favicon.ico
2017-11-05 00:29:20 	 [ INFO] 	 <middleware.go:19>  	 Form:map[],Path:localhost:8081/
2017-11-05 00:29:20 	 [ERROR] 	 <model_user.go:71>  	 sql: Scan error on column index 3: converting driver.Value type <nil> ("<nil>") to a int64: invalid syntax
2017-11-05 00:29:20 	 [ INFO] 	 <middleware.go:19>  	 Form:map[],Path:localhost:8081/favicon.ico
2017-11-05 00:29:22 	 [ INFO] 	 <middleware.go:19>  	 Form:map[],Path:localhost:8081/
2017-11-05 00:29:22 	 [ERROR] 	 <model_user.go:71>  	 sql: Scan error on column index 3: converting driver.Value type <nil> ("<nil>") to a int64: invalid syntax
2017-11-05 00:29:22 	 [ INFO] 	 <middleware.go:19>  	 Form:map[],Path:localhost:8081/favicon.ico
2017-11-05 00:34:59 	 [ INFO] 	 <middleware.go:19>  	 Form:map[],Path:localhost:8081/
2017-11-05 00:34:59 	 [ERROR] 	 <model_user.go:71>  	 sql: Scan error on column index 4: converting driver.Value type <nil> ("<nil>") to a int64: invalid syntax
2017-11-05 00:34:59 	 [ INFO] 	 <middleware.go:19>  	 Form:map[],Path:localhost:8081/favicon.ico
2017-11-05 00:35:01 	 [ INFO] 	 <middleware.go:19>  	 Form:map[],Path:localhost:8081/
2017-11-05 00:35:01 	 [ERROR] 	 <model_user.go:71>  	 sql: Scan error on column index 4: converting driver.Value type <nil> ("<nil>") to a int64: invalid syntax
2017-11-05 00:35:01 	 [ INFO] 	 <middleware.go:19>  	 Form:map[],Path:localhost:8081/favicon.ico
2017-11-05 00:35:56 	 [ INFO] 	 <middleware.go:19>  	 Form:map[],Path:localhost:8081/
2017-11-05 00:35:56 	 [ERROR] 	 <model_user.go:71>  	 sql: no rows in result set
2017-11-05 00:35:56 	 [ INFO] 	 <middleware.go:19>  	 Form:map[],Path:localhost:8081/favicon.ico
2017-11-05 00:35:56 	 [ INFO] 	 <middleware.go:19>  	 Form:map[],Path:localhost:8081/
2017-11-05 00:35:56 	 [ERROR] 	 <model_user.go:71>  	 sql: no rows in result set
2017-11-05 00:35:56 	 [ INFO] 	 <middleware.go:19>  	 Form:map[],Path:localhost:8081/
2017-11-05 00:35:56 	 [ERROR] 	 <model_user.go:71>  	 sql: no rows in result set
2017-11-05 00:35:56 	 [ INFO] 	 <middleware.go:19>  	 Form:map[],Path:localhost:8081/favicon.ico
2017-11-05 00:35:56 	 [ INFO] 	 <middleware.go:19>  	 Form:map[],Path:localhost:8081/
2017-11-05 00:35:56 	 [ERROR] 	 <model_user.go:71>  	 sql: no rows in result set
2017-11-05 00:35:57 	 [ INFO] 	 <middleware.go:19>  	 Form:map[],Path:localhost:8081/
2017-11-05 00:35:57 	 [ERROR] 	 <model_user.go:71>  	 sql: no rows in result set
2017-11-05 00:35:57 	 [ INFO] 	 <middleware.go:19>  	 Form:map[],Path:localhost:8081/favicon.ico
2017-11-05 00:35:57 	 [ INFO] 	 <middleware.go:19>  	 Form:map[],Path:localhost:8081/
2017-11-05 00:35:57 	 [ERROR] 	 <model_user.go:71>  	 sql: no rows in result set
2017-11-05 00:35:58 	 [ INFO] 	 <middleware.go:19>  	 Form:map[],Path:localhost:8081/favicon.ico
2017-11-05 00:35:58 	 [ INFO] 	 <middleware.go:19>  	 Form:map[],Path:localhost:8081/
2017-11-05 00:35:58 	 [ERROR] 	 <model_user.go:71>  	 sql: no rows in result set
2017-11-05 00:35:58 	 [ INFO] 	 <middleware.go:19>  	 Form:map[],Path:localhost:8081/favicon.ico
2017-11-05 00:35:58 	 [ INFO] 	 <middleware.go:19>  	 Form:map[],Path:localhost:8081/
2017-11-05 00:35:58 	 [ERROR] 	 <model_user.go:71>  	 sql: no rows in result set
2017-11-05 00:35:58 	 [ INFO] 	 <middleware.go:19>  	 Form:map[],Path:localhost:8081/favicon.ico
2017-11-05 00:36:40 	 [ INFO] 	 <middleware.go:19>  	 Form:map[],Path:localhost:8081/
2017-11-05 00:36:40 	 [ERROR] 	 <model_user.go:71>  	 sql: Scan error on column index 4: converting driver.Value type <nil> ("<nil>") to a int64: invalid syntax
2017-11-05 00:36:41 	 [ INFO] 	 <middleware.go:19>  	 Form:map[],Path:localhost:8081/favicon.ico
2017-11-05 00:36:41 	 [ INFO] 	 <middleware.go:19>  	 Form:map[],Path:localhost:8081/
2017-11-05 00:36:41 	 [ERROR] 	 <model_user.go:71>  	 sql: Scan error on column index 4: converting driver.Value type <nil> ("<nil>") to a int64: invalid syntax
2017-11-05 00:36:41 	 [ INFO] 	 <middleware.go:19>  	 Form:map[],Path:localhost:8081/favicon.ico
2017-11-05 00:37:00 	 [ INFO] 	 <middleware.go:19>  	 Form:map[],Path:localhost:8081/
2017-11-05 00:37:00 	 [ INFO] 	 <middleware.go:19>  	 Form:map[],Path:localhost:8081/favicon.ico
2017-11-05 00:37:01 	 [ INFO] 	 <middleware.go:19>  	 Form:map[],Path:localhost:8081/
2017-11-05 00:37:01 	 [ INFO] 	 <middleware.go:19>  	 Form:map[],Path:localhost:8081/favicon.ico
2017-11-05 00:37:01 	 [ INFO] 	 <middleware.go:19>  	 Form:map[],Path:localhost:8081/
2017-11-05 00:37:01 	 [ INFO] 	 <middleware.go:19>  	 Form:map[],Path:localhost:8081/favicon.ico
2017-11-05 00:37:02 	 [ INFO] 	 <middleware.go:19>  	 Form:map[],Path:localhost:8081/
2017-11-05 00:37:14 	 [ INFO] 	 <middleware.go:19>  	 Form:map[],Path:localhost:8081/
2017-11-05 00:37:14 	 [ERROR] 	 <model_user.go:71>  	 sql: Scan error on column index 4: converting driver.Value type <nil> ("<nil>") to a int64: invalid syntax
2017-11-05 00:37:14 	 [ INFO] 	 <middleware.go:19>  	 Form:map[],Path:localhost:8081/favicon.ico
2017-11-05 00:37:14 	 [ INFO] 	 <middleware.go:19>  	 Form:map[],Path:localhost:8081/
2017-11-05 00:37:14 	 [ERROR] 	 <model_user.go:71>  	 sql: Scan error on column index 4: converting driver.Value type <nil> ("<nil>") to a int64: invalid syntax
2017-11-05 00:37:14 	 [ INFO] 	 <middleware.go:19>  	 Form:map[],Path:localhost:8081/favicon.ico
2017-11-05 00:38:53 	 [ INFO] 	 <middleware.go:19>  	 Form:map[],Path:localhost:8081/
2017-11-05 00:38:53 	 [ERROR] 	 <model_user.go:71>  	 sql: Scan error on column index 7: unsupported Scan, storing driver.Value type <nil> into type *string
2017-11-05 00:38:53 	 [ INFO] 	 <middleware.go:19>  	 Form:map[],Path:localhost:8081/favicon.ico
2017-11-05 00:38:54 	 [ INFO] 	 <middleware.go:19>  	 Form:map[],Path:localhost:8081/
2017-11-05 00:38:54 	 [ERROR] 	 <model_user.go:71>  	 sql: Scan error on column index 7: unsupported Scan, storing driver.Value type <nil> into type *string
2017-11-05 00:38:54 	 [ INFO] 	 <middleware.go:19>  	 Form:map[],Path:localhost:8081/favicon.ico
2017-11-05 00:38:54 	 [ INFO] 	 <middleware.go:19>  	 Form:map[],Path:localhost:8081/
2017-11-05 00:38:54 	 [ERROR] 	 <model_user.go:71>  	 sql: Scan error on column index 7: unsupported Scan, storing driver.Value type <nil> into type *string
2017-11-05 00:38:54 	 [ INFO] 	 <middleware.go:19>  	 Form:map[],Path:localhost:8081/
2017-11-05 00:38:54 	 [ERROR] 	 <model_user.go:71>  	 sql: Scan error on column index 7: unsupported Scan, storing driver.Value type <nil> into type *string
2017-11-05 00:38:55 	 [ INFO] 	 <middleware.go:19>  	 Form:map[],Path:localhost:8081/favicon.ico
2017-11-05 00:39:14 	 [ INFO] 	 <middleware.go:19>  	 Form:map[],Path:localhost:8081/
2017-11-05 00:39:14 	 [ERROR] 	 <model_user.go:71>  	 sql: Scan error on column index 7: unsupported Scan, storing driver.Value type <nil> into type *string
2017-11-05 00:39:14 	 [ INFO] 	 <middleware.go:19>  	 Form:map[],Path:localhost:8081/favicon.ico
2017-11-05 00:52:01 	 [ INFO] 	 <middleware.go:19>  	 Form:map[],Path:localhost:8081/
2017-11-05 00:52:01 	 [ERROR] 	 <model_user.go:71>  	 sql: no rows in result set
2017-11-05 00:52:01 	 [ INFO] 	 <middleware.go:19>  	 Form:map[],Path:localhost:8081/
2017-11-05 00:52:01 	 [ERROR] 	 <model_user.go:71>  	 sql: no rows in result set
2017-11-05 00:52:02 	 [ INFO] 	 <middleware.go:19>  	 Form:map[],Path:localhost:8081/
2017-11-05 00:52:02 	 [ERROR] 	 <model_user.go:71>  	 sql: no rows in result set
2017-11-05 00:52:02 	 [ INFO] 	 <middleware.go:19>  	 Form:map[],Path:localhost:8081/
2017-11-05 00:52:02 	 [ERROR] 	 <model_user.go:71>  	 sql: no rows in result set
2017-11-05 00:52:02 	 [ INFO] 	 <middleware.go:19>  	 Form:map[],Path:localhost:8081/
2017-11-05 00:52:02 	 [ERROR] 	 <model_user.go:71>  	 sql: no rows in result set
2017-11-05 00:52:02 	 [ INFO] 	 <middleware.go:19>  	 Form:map[],Path:localhost:8081/
2017-11-05 00:52:02 	 [ERROR] 	 <model_user.go:71>  	 sql: no rows in result set
2017-11-05 00:52:02 	 [ INFO] 	 <middleware.go:19>  	 Form:map[],Path:localhost:8081/
2017-11-05 00:52:02 	 [ERROR] 	 <model_user.go:71>  	 sql: no rows in result set
2017-11-05 00:52:02 	 [ INFO] 	 <middleware.go:19>  	 Form:map[],Path:localhost:8081/
2017-11-05 00:52:02 	 [ERROR] 	 <model_user.go:71>  	 sql: no rows in result set
2017-11-05 00:52:03 	 [ INFO] 	 <middleware.go:19>  	 Form:map[],Path:localhost:8081/favicon.ico
2017-11-05 00:52:03 	 [ INFO] 	 <middleware.go:19>  	 Form:map[],Path:localhost:8081/
2017-11-05 00:52:03 	 [ERROR] 	 <model_user.go:71>  	 sql: no rows in result set
2017-11-05 00:52:03 	 [ INFO] 	 <middleware.go:19>  	 Form:map[],Path:localhost:8081/
2017-11-05 00:52:03 	 [ERROR] 	 <model_user.go:71>  	 sql: no rows in result set
2017-11-05 00:52:03 	 [ INFO] 	 <middleware.go:19>  	 Form:map[],Path:localhost:8081/
2017-11-05 00:52:03 	 [ERROR] 	 <model_user.go:71>  	 sql: no rows in result set
2017-11-05 00:52:03 	 [ INFO] 	 <middleware.go:19>  	 Form:map[],Path:localhost:8081/
2017-11-05 00:52:03 	 [ERROR] 	 <model_user.go:71>  	 sql: no rows in result set
2017-11-05 00:52:04 	 [ INFO] 	 <middleware.go:19>  	 Form:map[],Path:localhost:8081/
2017-11-05 00:52:04 	 [ERROR] 	 <model_user.go:71>  	 sql: no rows in result set
2017-11-05 00:52:04 	 [ INFO] 	 <middleware.go:19>  	 Form:map[],Path:localhost:8081/
2017-11-05 00:52:04 	 [ERROR] 	 <model_user.go:71>  	 sql: no rows in result set
2017-11-05 00:52:04 	 [ INFO] 	 <middleware.go:19>  	 Form:map[],Path:localhost:8081/favicon.ico
2017-11-05 00:52:28 	 [ INFO] 	 <middleware.go:19>  	 Form:map[],Path:localhost:8081/
2017-11-05 00:52:28 	 [ERROR] 	 <model_user.go:71>  	 sql: no rows in result set
2017-11-05 00:52:28 	 [ INFO] 	 <middleware.go:19>  	 Form:map[],Path:localhost:8081/favicon.ico
2017-11-05 00:52:28 	 [ INFO] 	 <middleware.go:19>  	 Form:map[],Path:localhost:8081/
2017-11-05 00:52:28 	 [ERROR] 	 <model_user.go:71>  	 sql: no rows in result set
2017-11-05 00:52:29 	 [ INFO] 	 <middleware.go:19>  	 Form:map[],Path:localhost:8081/
2017-11-05 00:52:29 	 [ERROR] 	 <model_user.go:71>  	 sql: no rows in result set
2017-11-05 00:52:29 	 [ INFO] 	 <middleware.go:19>  	 Form:map[],Path:localhost:8081/
2017-11-05 00:52:29 	 [ERROR] 	 <model_user.go:71>  	 sql: no rows in result set
2017-11-05 00:52:29 	 [ INFO] 	 <middleware.go:19>  	 Form:map[],Path:localhost:8081/
2017-11-05 00:52:29 	 [ERROR] 	 <model_user.go:71>  	 sql: no rows in result set
2017-11-05 00:52:29 	 [ INFO] 	 <middleware.go:19>  	 Form:map[],Path:localhost:8081/
2017-11-05 00:52:29 	 [ERROR] 	 <model_user.go:71>  	 sql: no rows in result set
2017-11-05 00:52:29 	 [ INFO] 	 <middleware.go:19>  	 Form:map[],Path:localhost:8081/
2017-11-05 00:52:29 	 [ERROR] 	 <model_user.go:71>  	 sql: no rows in result set
2017-11-05 00:52:30 	 [ INFO] 	 <middleware.go:19>  	 Form:map[],Path:localhost:8081/
2017-11-05 00:52:30 	 [ERROR] 	 <model_user.go:71>  	 sql: no rows in result set
2017-11-05 00:52:30 	 [ INFO] 	 <middleware.go:19>  	 Form:map[],Path:localhost:8081/
2017-11-05 00:52:30 	 [ERROR] 	 <model_user.go:71>  	 sql: no rows in result set
2017-11-05 00:52:30 	 [ INFO] 	 <middleware.go:19>  	 Form:map[],Path:localhost:8081/
2017-11-05 00:52:30 	 [ERROR] 	 <model_user.go:71>  	 sql: no rows in result set
2017-11-05 00:52:30 	 [ INFO] 	 <middleware.go:19>  	 Form:map[],Path:localhost:8081/
2017-11-05 00:52:30 	 [ERROR] 	 <model_user.go:71>  	 sql: no rows in result set
2017-11-05 00:52:31 	 [ INFO] 	 <middleware.go:19>  	 Form:map[],Path:localhost:8081/
2017-11-05 00:52:31 	 [ERROR] 	 <model_user.go:71>  	 sql: no rows in result set
2017-11-05 00:52:31 	 [ INFO] 	 <middleware.go:19>  	 Form:map[],Path:localhost:8081/
2017-11-05 00:52:31 	 [ERROR] 	 <model_user.go:71>  	 sql: no rows in result set
2017-11-05 00:52:31 	 [ INFO] 	 <middleware.go:19>  	 Form:map[],Path:localhost:8081/
2017-11-05 00:52:31 	 [ERROR] 	 <model_user.go:71>  	 sql: no rows in result set
2017-11-05 00:52:31 	 [ INFO] 	 <middleware.go:19>  	 Form:map[],Path:localhost:8081/
2017-11-05 00:52:31 	 [ERROR] 	 <model_user.go:71>  	 sql: no rows in result set
2017-11-05 00:52:31 	 [ INFO] 	 <middleware.go:19>  	 Form:map[],Path:localhost:8081/favicon.ico
2017-11-05 00:52:31 	 [ INFO] 	 <middleware.go:19>  	 Form:map[],Path:localhost:8081/
2017-11-05 00:52:31 	 [ERROR] 	 <model_user.go:71>  	 sql: no rows in result set
2017-11-05 00:52:31 	 [ INFO] 	 <middleware.go:19>  	 Form:map[],Path:localhost:8081/
2017-11-05 00:52:31 	 [ERROR] 	 <model_user.go:71>  	 sql: no rows in result set
2017-11-05 00:52:32 	 [ INFO] 	 <middleware.go:19>  	 Form:map[],Path:localhost:8081/
2017-11-05 00:52:32 	 [ERROR] 	 <model_user.go:71>  	 sql: no rows in result set
2017-11-05 00:52:32 	 [ INFO] 	 <middleware.go:19>  	 Form:map[],Path:localhost:8081/
2017-11-05 00:52:32 	 [ERROR] 	 <model_user.go:71>  	 sql: no rows in result set
2017-11-05 00:52:32 	 [ INFO] 	 <middleware.go:19>  	 Form:map[],Path:localhost:8081/
2017-11-05 00:52:32 	 [ERROR] 	 <model_user.go:71>  	 sql: no rows in result set
2017-11-05 00:52:32 	 [ INFO] 	 <middleware.go:19>  	 Form:map[],Path:localhost:8081/favicon.ico
2017-11-05 00:52:32 	 [ INFO] 	 <middleware.go:19>  	 Form:map[],Path:localhost:8081/
2017-11-05 00:52:32 	 [ERROR] 	 <model_user.go:71>  	 sql: no rows in result set
2017-11-05 00:52:32 	 [ INFO] 	 <middleware.go:19>  	 Form:map[],Path:localhost:8081/
2017-11-05 00:52:32 	 [ERROR] 	 <model_user.go:71>  	 sql: no rows in result set
2017-11-05 00:52:33 	 [ INFO] 	 <middleware.go:19>  	 Form:map[],Path:localhost:8081/
2017-11-05 00:52:33 	 [ERROR] 	 <model_user.go:71>  	 sql: no rows in result set
2017-11-05 00:52:33 	 [ INFO] 	 <middleware.go:19>  	 Form:map[],Path:localhost:8081/favicon.ico
2017-11-05 00:52:33 	 [ INFO] 	 <middleware.go:19>  	 Form:map[],Path:localhost:8081/
2017-11-05 00:52:33 	 [ERROR] 	 <model_user.go:71>  	 sql: no rows in result set
2017-11-05 00:52:33 	 [ INFO] 	 <middleware.go:19>  	 Form:map[],Path:localhost:8081/
2017-11-05 00:52:33 	 [ERROR] 	 <model_user.go:71>  	 sql: no rows in result set
2017-11-05 00:52:33 	 [ INFO] 	 <middleware.go:19>  	 Form:map[],Path:localhost:8081/favicon.ico
2017-11-05 00:52:33 	 [ INFO] 	 <middleware.go:19>  	 Form:map[],Path:localhost:8081/
2017-11-05 00:52:33 	 [ERROR] 	 <model_user.go:71>  	 sql: no rows in result set
2017-11-05 00:52:52 	 [ INFO] 	 <middleware.go:19>  	 Form:map[],Path:localhost:8081/
2017-11-05 00:52:52 	 [ INFO] 	 <middleware.go:19>  	 Form:map[],Path:localhost:8081/favicon.ico
2017-11-05 00:52:52 	 [ INFO] 	 <middleware.go:19>  	 Form:map[],Path:localhost:8081/
2017-11-05 00:52:52 	 [ INFO] 	 <middleware.go:19>  	 Form:map[],Path:localhost:8081/favicon.ico
2017-11-05 00:52:55 	 [ INFO] 	 <middleware.go:19>  	 Form:map[],Path:localhost:8081/
2017-11-05 00:52:55 	 [ INFO] 	 <middleware.go:19>  	 Form:map[],Path:localhost:8081/favicon.ico
2017-11-05 00:52:55 	 [ INFO] 	 <middleware.go:19>  	 Form:map[],Path:localhost:8081/
2017-11-05 00:52:55 	 [ INFO] 	 <middleware.go:19>  	 Form:map[],Path:localhost:8081/favicon.ico
2017-11-05 00:52:55 	 [ INFO] 	 <middleware.go:19>  	 Form:map[],Path:localhost:8081/
2017-11-05 00:52:56 	 [ INFO] 	 <middleware.go:19>  	 Form:map[],Path:localhost:8081/
2017-11-05 00:52:56 	 [ INFO] 	 <middleware.go:19>  	 Form:map[],Path:localhost:8081/favicon.ico
2017-11-05 00:53:05 	 [ INFO] 	 <middleware.go:19>  	 Form:map[],Path:localhost:8081/
2017-11-05 00:53:05 	 [ INFO] 	 <middleware.go:19>  	 Form:map[],Path:localhost:8081/favicon.ico
2017-11-05 00:53:05 	 [ INFO] 	 <middleware.go:19>  	 Form:map[],Path:localhost:8081/
2017-11-05 00:53:05 	 [ INFO] 	 <middleware.go:19>  	 Form:map[],Path:localhost:8081/favicon.ico
2017-11-05 00:53:06 	 [ INFO] 	 <middleware.go:19>  	 Form:map[],Path:localhost:8081/
2017-11-05 00:53:06 	 [ INFO] 	 <middleware.go:19>  	 Form:map[],Path:localhost:8081/favicon.ico
2017-11-05 00:53:32 	 [ INFO] 	 <middleware.go:19>  	 Form:map[],Path:localhost:8081/
2017-11-05 00:53:32 	 [ INFO] 	 <middleware.go:19>  	 Form:map[],Path:localhost:8081/favicon.ico
2017-11-05 00:53:33 	 [ INFO] 	 <middleware.go:19>  	 Form:map[],Path:localhost:8081/
2017-11-05 00:53:33 	 [ INFO] 	 <middleware.go:19>  	 Form:map[],Path:localhost:8081/favicon.ico
2017-11-05 00:53:33 	 [ INFO] 	 <middleware.go:19>  	 Form:map[],Path:localhost:8081/
2017-11-05 00:53:34 	 [ INFO] 	 <middleware.go:19>  	 Form:map[],Path:localhost:8081/favicon.ico
2017-11-05 00:53:34 	 [ INFO] 	 <middleware.go:19>  	 Form:map[],Path:localhost:8081/
2017-11-05 00:53:34 	 [ INFO] 	 <middleware.go:19>  	 Form:map[],Path:localhost:8081/
2017-11-05 00:53:34 	 [ INFO] 	 <middleware.go:19>  	 Form:map[],Path:localhost:8081/favicon.ico
2017-11-05 00:53:34 	 [ INFO] 	 <middleware.go:19>  	 Form:map[],Path:localhost:8081/
2017-11-05 00:55:28 	 [ INFO] 	 <middleware.go:19>  	 Form:map[],Path:localhost:8081/
2017-11-05 00:55:29 	 [ INFO] 	 <middleware.go:19>  	 Form:map[],Path:localhost:8081/favicon.ico
2017-11-05 00:55:31 	 [ INFO] 	 <middleware.go:19>  	 Form:map[],Path:localhost:8081/
2017-11-05 00:55:31 	 [ INFO] 	 <middleware.go:19>  	 Form:map[],Path:localhost:8081/favicon.ico
2017-11-05 00:56:19 	 [ INFO] 	 <middleware.go:19>  	 Form:map[],Path:localhost:8081/
2017-11-05 00:56:20 	 [ INFO] 	 <middleware.go:19>  	 Form:map[],Path:localhost:8081/favicon.ico
2017-11-05 00:56:48 	 [ INFO] 	 <middleware.go:19>  	 Form:map[],Path:localhost:8081/
2017-11-05 00:56:48 	 [ INFO] 	 <middleware.go:19>  	 Form:map[],Path:localhost:8081/
2017-11-05 00:56:48 	 [ INFO] 	 <middleware.go:19>  	 Form:map[],Path:localhost:8081/favicon.ico
2017-11-05 00:56:49 	 [ INFO] 	 <middleware.go:19>  	 Form:map[],Path:localhost:8081/
2017-11-05 00:56:49 	 [ INFO] 	 <middleware.go:19>  	 Form:map[],Path:localhost:8081/favicon.ico
2017-11-05 00:56:49 	 [ INFO] 	 <middleware.go:19>  	 Form:map[],Path:localhost:8081/favicon.ico
2017-11-05 00:57:02 	 [ INFO] 	 <middleware.go:19>  	 Form:map[],Path:localhost:8081/
2017-11-05 00:57:02 	 [ INFO] 	 <middleware.go:19>  	 Form:map[],Path:localhost:8081/favicon.ico
2017-11-05 01:00:28 	 [ INFO] 	 <middleware.go:19>  	 Form:map[],Path:localhost:8081/
2017-11-05 01:00:28 	 [ INFO] 	 <middleware.go:19>  	 Form:map[],Path:localhost:8081/favicon.ico
2017-11-05 01:00:30 	 [ INFO] 	 <middleware.go:19>  	 Form:map[],Path:localhost:8081/
2017-11-05 01:00:30 	 [ INFO] 	 <middleware.go:19>  	 Form:map[],Path:localhost:8081/favicon.ico
2017-11-05 01:00:30 	 [ INFO] 	 <middleware.go:19>  	 Form:map[],Path:localhost:8081/
2017-11-05 01:00:30 	 [ INFO] 	 <middleware.go:19>  	 Form:map[],Path:localhost:8081/favicon.ico
2017-11-05 01:03:49 	 [ INFO] 	 <middleware.go:19>  	 Form:map[],Path:localhost:8081/
2017-11-05 01:03:49 	 [ INFO] 	 <middleware.go:19>  	 Form:map[],Path:localhost:8081/favicon.ico
2017-11-05 01:03:51 	 [ INFO] 	 <middleware.go:19>  	 Form:map[],Path:localhost:8081/
2017-11-05 01:03:51 	 [ INFO] 	 <middleware.go:19>  	 Form:map[],Path:localhost:8081/favicon.ico
2017-11-05 01:03:51 	 [ INFO] 	 <middleware.go:19>  	 Form:map[],Path:localhost:8081/
2017-11-05 01:03:52 	 [ INFO] 	 <middleware.go:19>  	 Form:map[],Path:localhost:8081/favicon.ico
2017-11-05 01:03:52 	 [ INFO] 	 <middleware.go:19>  	 Form:map[],Path:localhost:8081/
2017-11-05 01:03:53 	 [ INFO] 	 <middleware.go:19>  	 Form:map[],Path:localhost:8081/
2017-11-05 01:03:53 	 [ INFO] 	 <middleware.go:19>  	 Form:map[],Path:localhost:8081/favicon.ico
2017-11-05 01:03:53 	 [ INFO] 	 <middleware.go:19>  	 Form:map[],Path:localhost:8081/
2017-11-05 01:03:53 	 [ INFO] 	 <middleware.go:19>  	 Form:map[],Path:localhost:8081/
2017-11-05 01:03:53 	 [ INFO] 	 <middleware.go:19>  	 Form:map[],Path:localhost:8081/
2017-11-05 01:03:54 	 [ INFO] 	 <middleware.go:19>  	 Form:map[],Path:localhost:8081/
2017-11-05 01:03:54 	 [ INFO] 	 <middleware.go:19>  	 Form:map[],Path:localhost:8081/favicon.ico
2017-11-05 01:04:13 	 [ INFO] 	 <middleware.go:19>  	 Form:map[],Path:localhost:8081/
2017-11-05 01:04:13 	 [ INFO] 	 <middleware.go:19>  	 Form:map[],Path:localhost:8081/favicon.ico
2017-11-05 01:04:13 	 [ INFO] 	 <middleware.go:19>  	 Form:map[],Path:localhost:8081/
2017-11-05 01:04:13 	 [ INFO] 	 <middleware.go:19>  	 Form:map[],Path:localhost:8081/
2017-11-05 01:04:33 	 [ INFO] 	 <middleware.go:19>  	 Form:map[],Path:localhost:8081/
2017-11-05 01:04:34 	 [ INFO] 	 <middleware.go:19>  	 Form:map[],Path:localhost:8081/favicon.ico
2017-11-05 01:04:34 	 [ INFO] 	 <middleware.go:19>  	 Form:map[],Path:localhost:8081/
2017-11-05 01:04:35 	 [ INFO] 	 <middleware.go:19>  	 Form:map[],Path:localhost:8081/favicon.ico
2017-11-05 01:04:35 	 [ INFO] 	 <middleware.go:19>  	 Form:map[],Path:localhost:8081/
2017-11-05 01:04:35 	 [ INFO] 	 <middleware.go:19>  	 Form:map[],Path:localhost:8081/
2017-11-05 01:04:35 	 [ INFO] 	 <middleware.go:19>  	 Form:map[],Path:localhost:8081/favicon.ico
2017-11-05 01:04:49 	 [ INFO] 	 <middleware.go:19>  	 Form:map[],Path:localhost:8081/
2017-11-05 01:04:49 	 [ INFO] 	 <middleware.go:19>  	 Form:map[],Path:localhost:8081/favicon.ico
2017-11-05 01:04:49 	 [ INFO] 	 <middleware.go:19>  	 Form:map[],Path:localhost:8081/
2017-11-05 01:04:49 	 [ INFO] 	 <middleware.go:19>  	 Form:map[],Path:localhost:8081/
2017-11-05 01:04:49 	 [ INFO] 	 <middleware.go:19>  	 Form:map[],Path:localhost:8081/
2017-11-05 01:04:58 	 [ INFO] 	 <middleware.go:19>  	 Form:map[],Path:localhost:8081/
2017-11-05 01:04:58 	 [ INFO] 	 <middleware.go:19>  	 Form:map[],Path:localhost:8081/favicon.ico
2017-11-05 01:04:58 	 [ INFO] 	 <middleware.go:19>  	 Form:map[],Path:localhost:8081/
2017-11-05 01:04:58 	 [ INFO] 	 <middleware.go:19>  	 Form:map[],Path:localhost:8081/
2017-11-05 01:04:59 	 [ INFO] 	 <middleware.go:19>  	 Form:map[],Path:localhost:8081/favicon.ico
2017-11-05 13:04:16 	 [ INFO] 	 <middleware.go:19>  	 Form:map[],Path:localhost:8081/
2017-11-05 13:04:16 	 [ INFO] 	 <middleware.go:19>  	 Form:map[],Path:localhost:8081/favicon.ico
2017-11-05 13:04:16 	 [ INFO] 	 <middleware.go:19>  	 Form:map[],Path:localhost:8081/
2017-11-05 13:04:16 	 [ INFO] 	 <middleware.go:19>  	 Form:map[],Path:localhost:8081/
2017-11-05 13:04:17 	 [ INFO] 	 <middleware.go:19>  	 Form:map[],Path:localhost:8081/
2017-11-05 13:04:17 	 [ INFO] 	 <middleware.go:19>  	 Form:map[],Path:localhost:8081/favicon.ico
2017-11-05 13:04:17 	 [ INFO] 	 <middleware.go:19>  	 Form:map[],Path:localhost:8081/
2017-11-05 13:04:17 	 [ INFO] 	 <middleware.go:19>  	 Form:map[],Path:localhost:8081/
2017-11-05 13:11:13 	 [ INFO] 	 <middleware.go:19>  	 Form:map[],Path:localhost:8081/
2017-11-05 13:11:13 	 [ERROR] 	 <model_user.go:82>  	 sql: no rows in result set
2017-11-05 13:11:14 	 [ INFO] 	 <middleware.go:19>  	 Form:map[],Path:localhost:8081/favicon.ico
2017-11-05 13:11:57 	 [ INFO] 	 <middleware.go:19>  	 Form:map[],Path:localhost:8081/
2017-11-05 13:11:58 	 [ INFO] 	 <middleware.go:19>  	 Form:map[],Path:localhost:8081/favicon.ico
2017-11-05 13:11:59 	 [ INFO] 	 <middleware.go:19>  	 Form:map[],Path:localhost:8081/
2017-11-05 13:11:59 	 [ INFO] 	 <middleware.go:19>  	 Form:map[],Path:localhost:8081/favicon.ico
2017-11-05 13:37:07 	 [ INFO] 	 <middleware.go:19>  	 Form:map[],Path:localhost:8081/
2017-11-05 13:37:07 	 [ INFO] 	 <middleware.go:19>  	 Form:map[],Path:localhost:8081/favicon.ico
2017-11-05 13:37:08 	 [ INFO] 	 <middleware.go:19>  	 Form:map[],Path:localhost:8081/
2017-11-05 13:37:08 	 [ INFO] 	 <middleware.go:19>  	 Form:map[],Path:localhost:8081/favicon.ico
2017-11-05 13:46:26 	 [ INFO] 	 <middleware.go:19>  	 Form:map[],Path:localhost:8081/
2017-11-05 13:46:26 	 [ INFO] 	 <middleware.go:19>  	 Form:map[],Path:localhost:8081/favicon.ico
2017-11-05 14:20:01 	 [ INFO] 	 <middleware.go:19>  	 Form:map[],Path:localhost:8081/
2017-11-05 14:20:01 	 [ INFO] 	 <middleware.go:19>  	 Form:map[],Path:localhost:8081/favicon.ico
2017-11-05 14:27:39 	 [ INFO] 	 <middleware.go:19>  	 Form:map[],Path:localhost:8081/
2017-11-05 14:27:39 	 [ERROR] 	 <model_user.go:79>  	 sql: no rows in result set
2017-11-05 14:27:39 	 [ INFO] 	 <middleware.go:19>  	 Form:map[],Path:localhost:8081/favicon.ico
2017-11-05 14:49:21 	 [ INFO] 	 <middleware.go:19>  	 Form:map[],Path:localhost:8081/
2017-11-05 14:49:21 	 [ERROR] 	 <model_user.go:79>  	 sql: no rows in result set
2017-11-05 14:49:35 	 [ INFO] 	 <middleware.go:19>  	 Form:map[],Path:localhost:8081/userinfo/11
2017-11-05 14:49:35 	 [ERROR] 	 <model_user.go:79>  	 sql: no rows in result set
2017-11-05 14:49:35 	 [ERROR] 	 <handler_user.go:23>  	 sql: no rows in result set%!(EXTRA *errors.errorString=sql: no rows in result set)
2017-11-05 14:49:46 	 [ INFO] 	 <middleware.go:19>  	 Form:map[],Path:localhost:8081/userinfo/130
2017-11-05 14:56:06 	 [ INFO] 	 <middleware.go:19>  	 Form:map[],Path:localhost:8081/userinfo/188
2017-11-05 14:56:52 	 [ INFO] 	 <middleware.go:19>  	 Form:map[],Path:localhost:8081/userinfo/188
2017-11-05 14:56:52 	 [ INFO] 	 <middleware.go:19>  	 Form:map[],Path:localhost:8081/favicon.ico
2017-11-05 14:56:53 	 [ INFO] 	 <middleware.go:19>  	 Form:map[],Path:localhost:8081/userinfo/188
2017-11-05 14:56:53 	 [ INFO] 	 <middleware.go:19>  	 Form:map[],Path:localhost:8081/favicon.ico
2017-11-05 14:56:54 	 [ INFO] 	 <middleware.go:19>  	 Form:map[],Path:localhost:8081/userinfo/188
2017-11-05 14:56:54 	 [ INFO] 	 <middleware.go:19>  	 Form:map[],Path:localhost:8081/favicon.ico
2017-11-05 17:01:43 	 [ INFO] 	 <middleware.go:19>  	 Form:map[],Path:localhost:8081/user/188
2017-11-05 17:01:43 	 [ INFO] 	 <middleware.go:19>  	 Form:map[],Path:localhost:8081/favicon.ico
2017-11-05 17:01:48 	 [ INFO] 	 <middleware.go:19>  	 Form:map[],Path:localhost:8081/user/200
2017-11-05 17:01:48 	 [ERROR] 	 <model_user.go:79>  	 sql: no rows in result set
2017-11-05 17:01:48 	 [ERROR] 	 <handler_user.go:23>  	 sql: no rows in result set%!(EXTRA *errors.errorString=sql: no rows in result set)
2017-11-05 17:01:56 	 [ INFO] 	 <middleware.go:19>  	 Form:map[],Path:localhost:8081/user/188
2017-11-05 17:10:31 	 [ INFO] 	 <middleware.go:19>  	 Form:map[],Path:localhost:8081/user/188
2017-11-05 17:10:32 	 [ INFO] 	 <middleware.go:19>  	 Form:map[],Path:localhost:8081/favicon.ico
2017-11-05 17:10:35 	 [ INFO] 	 <middleware.go:19>  	 Form:map[],Path:localhost:8081/user/400
2017-11-05 17:10:35 	 [ERROR] 	 <model_user.go:79>  	 sql: no rows in result set
2017-11-05 17:10:35 	 [ERROR] 	 <handler_user.go:23>  	 sql: no rows in result set%!(EXTRA *errors.errorString=sql: no rows in result set)
2017-11-05 17:10:40 	 [ INFO] 	 <middleware.go:19>  	 Form:map[],Path:localhost:8081/user/188
2017-11-05 17:10:42 	 [ INFO] 	 <middleware.go:19>  	 Form:map[],Path:localhost:8081/user/188
2017-11-05 17:10:46 	 [ INFO] 	 <middleware.go:19>  	 Form:map[],Path:localhost:8081/user/104
2017-11-05 17:10:48 	 [ INFO] 	 <middleware.go:19>  	 Form:map[],Path:localhost:8081/user/10
2017-11-05 17:10:48 	 [ERROR] 	 <model_user.go:79>  	 sql: no rows in result set
2017-11-05 17:10:48 	 [ERROR] 	 <handler_user.go:23>  	 sql: no rows in result set%!(EXTRA *errors.errorString=sql: no rows in result set)
2017-11-05 17:10:51 	 [ INFO] 	 <middleware.go:19>  	 Form:map[],Path:localhost:8081/user/100
2017-11-05 17:10:51 	 [ERROR] 	 <model_user.go:79>  	 sql: no rows in result set
2017-11-05 17:10:51 	 [ERROR] 	 <handler_user.go:23>  	 sql: no rows in result set%!(EXTRA *errors.errorString=sql: no rows in result set)
2017-11-05 17:10:54 	 [ INFO] 	 <middleware.go:19>  	 Form:map[],Path:localhost:8081/user/103
2017-11-05 17:41:20 	 [ INFO] 	 <middleware.go:19>  	 Form:map[],Path:localhost:8081/user/188
2017-11-05 17:41:35 	 [ INFO] 	 <middleware.go:19>  	 Form:map[],Path:localhost:8081/user/130
2017-11-05 17:42:05 	 [ INFO] 	 <middleware.go:19>  	 Form:map[],Path:localhost:8081/user/188
2017-11-05 17:42:45 	 [ INFO] 	 <middleware.go:19>  	 Form:map[],Path:localhost:8081/user/188
2017-11-05 17:42:45 	 [ INFO] 	 <middleware.go:19>  	 Form:map[],Path:localhost:8081/favicon.ico
2017-11-05 17:44:28 	 [ INFO] 	 <middleware.go:19>  	 Form:map[],Path:localhost:8081/user/188
2017-11-05 17:44:28 	 [ INFO] 	 <middleware.go:19>  	 Form:map[],Path:localhost:8081/favicon.ico
2017-11-05 19:19:17 	 [ INFO] 	 <middleware.go:19>  	 Form:map[],Path:localhost:8081/user/188
2017-11-05 19:19:17 	 [ INFO] 	 <middleware.go:19>  	 Form:map[],Path:localhost:8081/favicon.ico
2017-11-05 19:19:18 	 [ INFO] 	 <middleware.go:19>  	 Form:map[],Path:localhost:8081/user/188
2017-11-05 19:19:18 	 [ INFO] 	 <middleware.go:19>  	 Form:map[],Path:localhost:8081/favicon.ico
2017-11-05 20:12:28 	 [ INFO] 	 <middleware.go:19>  	 Form:map[],Path:localhost:8081/user/188
2017-11-05 20:12:29 	 [ INFO] 	 <middleware.go:19>  	 Form:map[],Path:localhost:8081/favicon.ico
2017-11-05 20:12:29 	 [ INFO] 	 <middleware.go:19>  	 Form:map[],Path:localhost:8081/user/188
2017-11-05 20:12:30 	 [ INFO] 	 <middleware.go:19>  	 Form:map[],Path:localhost:8081/favicon.ico
2017-11-05 20:13:52 	 [ INFO] 	 <middleware.go:19>  	 Form:map[username:[Jack001] password:[admin] departname:[技术部]],Path:localhost:8081/user/registeruser
2017-11-05 21:25:01 	 [ INFO] 	 <middleware.go:19>  	 Form:map[],Path:localhost:8081/
2017-11-05 21:25:03 	 [ INFO] 	 <middleware.go:19>  	 Form:map[],Path:localhost:8081/
2017-11-05 21:25:23 	 [ INFO] 	 <middleware.go:19>  	 Form:map[],Path:localhost:8081/
2017-11-05 21:25:27 	 [ INFO] 	 <middleware.go:19>  	 Form:map[],Path:localhost:8081/
2017-11-05 21:25:58 	 [ INFO] 	 <middleware.go:19>  	 Form:map[],Path:localhost:8081/
2017-11-05 21:26:06 	 [ INFO] 	 <middleware.go:19>  	 Form:map[],Path:localhost:8081/
2017-11-05 21:26:09 	 [ INFO] 	 <middleware.go:19>  	 Form:map[],Path:localhost:8081/
2017-11-05 21:26:09 	 [ INFO] 	 <middleware.go:19>  	 Form:map[],Path:localhost:8081/
2017-11-05 21:26:09 	 [ INFO] 	 <middleware.go:19>  	 Form:map[],Path:localhost:8081/
2017-11-05 21:26:09 	 [ INFO] 	 <middleware.go:19>  	 Form:map[],Path:localhost:8081/
2017-11-05 21:26:10 	 [ INFO] 	 <middleware.go:19>  	 Form:map[],Path:localhost:8081/
2017-11-05 21:26:10 	 [ INFO] 	 <middleware.go:19>  	 Form:map[],Path:localhost:8081/
2017-11-05 21:26:11 	 [ INFO] 	 <middleware.go:19>  	 Form:map[],Path:localhost:8081/
2017-11-05 21:26:11 	 [ INFO] 	 <middleware.go:19>  	 Form:map[],Path:localhost:8081/
2017-11-05 21:26:11 	 [ INFO] 	 <middleware.go:19>  	 Form:map[],Path:localhost:8081/
2017-11-05 21:26:12 	 [ INFO] 	 <middleware.go:19>  	 Form:map[],Path:localhost:8081/
2017-11-05 21:27:07 	 [ INFO] 	 <middleware.go:19>  	 Form:map[],Path:localhost:8081/
2017-11-05 21:27:07 	 [ INFO] 	 <middleware.go:19>  	 Form:map[],Path:localhost:8081/
2017-11-05 21:27:09 	 [ INFO] 	 <middleware.go:19>  	 Form:map[],Path:localhost:8081/
2017-11-05 21:27:09 	 [ INFO] 	 <middleware.go:19>  	 Form:map[],Path:localhost:8081/
2017-11-05 21:27:09 	 [ INFO] 	 <middleware.go:19>  	 Form:map[],Path:localhost:8081/
2017-11-05 21:27:09 	 [ INFO] 	 <middleware.go:19>  	 Form:map[],Path:localhost:8081/
2017-11-05 21:27:10 	 [ INFO] 	 <middleware.go:19>  	 Form:map[],Path:localhost:8081/
2017-11-05 21:28:09 	 [ INFO] 	 <middleware.go:19>  	 Form:map[],Path:localhost:8081/
2017-11-05 21:28:09 	 [ERROR] 	 <model_user.go:82>  	 Error 1045: Access denied for user 'test'@'101.86.97.83' (using password: YES)
2017-11-05 21:28:28 	 [ INFO] 	 <middleware.go:19>  	 Form:map[],Path:localhost:8081/
2017-11-05 21:28:28 	 [ERROR] 	 <model_user.go:82>  	 Error 1045: Access denied for user 'test'@'101.86.97.83' (using password: YES)
2017-11-05 21:36:26 	 [ INFO] 	 <middleware.go:19>  	 Form:map[],Path:localhost:8081/
2017-11-05 21:36:26 	 [ INFO] 	 <middleware.go:19>  	 Form:map[],Path:localhost:8081/favicon.ico
2017-11-05 21:36:27 	 [ INFO] 	 <middleware.go:19>  	 Form:map[],Path:localhost:8081/
2017-11-05 21:36:27 	 [ INFO] 	 <middleware.go:19>  	 Form:map[],Path:localhost:8081/favicon.ico
2017-11-05 21:36:27 	 [ INFO] 	 <middleware.go:19>  	 Form:map[],Path:localhost:8081/
2017-11-05 21:36:27 	 [ INFO] 	 <middleware.go:19>  	 Form:map[],Path:localhost:8081/favicon.ico
2017-11-05 21:36:27 	 [ INFO] 	 <middleware.go:19>  	 Form:map[],Path:localhost:8081/
2017-11-05 21:36:28 	 [ INFO] 	 <middleware.go:19>  	 Form:map[],Path:localhost:8081/
2017-11-05 21:36:28 	 [ INFO] 	 <middleware.go:19>  	 Form:map[],Path:localhost:8081/
2017-11-05 21:36:28 	 [ INFO] 	 <middleware.go:19>  	 Form:map[],Path:localhost:8081/favicon.ico
2017-11-05 21:36:28 	 [ INFO] 	 <middleware.go:19>  	 Form:map[],Path:localhost:8081/
2017-11-05 21:36:28 	 [ INFO] 	 <middleware.go:19>  	 Form:map[],Path:localhost:8081/
2017-11-05 21:36:28 	 [ INFO] 	 <middleware.go:19>  	 Form:map[],Path:localhost:8081/favicon.ico
2017-11-05 21:36:29 	 [ INFO] 	 <middleware.go:19>  	 Form:map[],Path:localhost:8081/
2017-11-05 21:36:29 	 [ INFO] 	 <middleware.go:19>  	 Form:map[],Path:localhost:8081/favicon.ico
2017-11-05 21:36:29 	 [ INFO] 	 <middleware.go:19>  	 Form:map[],Path:localhost:8081/
2017-11-05 21:36:29 	 [ INFO] 	 <middleware.go:19>  	 Form:map[],Path:localhost:8081/
2017-11-05 21:36:29 	 [ INFO] 	 <middleware.go:19>  	 Form:map[],Path:localhost:8081/favicon.ico
2017-11-05 21:38:00 	 [ INFO] 	 <middleware.go:19>  	 Form:map[],Path:localhost:8081/
2017-11-05 21:38:27 	 [ INFO] 	 <middleware.go:19>  	 Form:map[],Path:localhost:8081/
2017-11-05 21:38:27 	 [ INFO] 	 <middleware.go:19>  	 Form:map[],Path:localhost:8081/
2017-11-05 21:38:27 	 [ INFO] 	 <middleware.go:19>  	 Form:map[],Path:localhost:8081/
2017-11-05 21:38:28 	 [ INFO] 	 <middleware.go:19>  	 Form:map[],Path:localhost:8081/
2017-11-05 22:19:12 	 [ INFO] 	 <middleware.go:19>  	 Form:map[],Path:localhost:8081/
2017-11-05 22:19:46 	 [ INFO] 	 <middleware.go:19>  	 Form:map[departname:[技术部] phone:[12393030202] phoneprefix:[86] username:[Jack001] password:[admin]],Path:localhost:8081/user/registeruser
2017-11-05 22:21:11 	 [ INFO] 	 <middleware.go:19>  	 Form:map[username:[Jack001] password:[admin] departname:[技术部] phone:[12393030202] phoneprefix:[86]],Path:localhost:8081/user/registeruser
2017-11-05 22:21:13 	 [ INFO] 	 <middleware.go:19>  	 Form:map[phoneprefix:[86] username:[Jack001] password:[admin] departname:[技术部] phone:[12393030202]],Path:localhost:8081/user/registeruser
2017-11-05 22:21:13 	 [ INFO] 	 <middleware.go:19>  	 Form:map[username:[Jack001] password:[admin] departname:[技术部] phone:[12393030202] phoneprefix:[86]],Path:localhost:8081/user/registeruser
2017-11-05 22:21:13 	 [ INFO] 	 <middleware.go:19>  	 Form:map[username:[Jack001] password:[admin] departname:[技术部] phone:[12393030202] phoneprefix:[86]],Path:localhost:8081/user/registeruser
2017-11-05 22:21:13 	 [ INFO] 	 <middleware.go:19>  	 Form:map[phone:[12393030202] phoneprefix:[86] username:[Jack001] password:[admin] departname:[技术部]],Path:localhost:8081/user/registeruser
2017-11-05 22:21:14 	 [ INFO] 	 <middleware.go:19>  	 Form:map[password:[admin] departname:[技术部] phone:[12393030202] phoneprefix:[86] username:[Jack001]],Path:localhost:8081/user/registeruser
2017-11-05 22:21:31 	 [ INFO] 	 <middleware.go:19>  	 Form:map[password:[admin] departname:[技术部] phone:[1239303020adfadf] phoneprefix:[+86] username:[Jack001]],Path:localhost:8081/user/registeruser
2017-11-05 22:21:31 	 [ INFO] 	 <middleware.go:19>  	 Form:map[phoneprefix:[+86] username:[Jack001] password:[admin] departname:[技术部] phone:[1239303020adfadf]],Path:localhost:8081/user/registeruser
2017-11-05 22:21:32 	 [ INFO] 	 <middleware.go:19>  	 Form:map[password:[admin] departname:[技术部] phone:[1239303020adfadf] phoneprefix:[+86] username:[Jack001]],Path:localhost:8081/user/registeruser
2017-11-05 22:21:32 	 [ INFO] 	 <middleware.go:19>  	 Form:map[phoneprefix:[+86] username:[Jack001] password:[admin] departname:[技术部] phone:[1239303020adfadf]],Path:localhost:8081/user/registeruser
2017-11-05 22:23:03 	 [ INFO] 	 <middleware.go:19>  	 Form:map[phone:[1239303020adfadf] phoneprefix:[+86] username:[Jack001] password:[admin] departname:[技术部]],Path:localhost:8081/user/registeruser
2017-11-05 22:25:22 	 [ INFO] 	 <middleware.go:19>  	 Form:map[departname:[技术部] phone:[1239303020adfadf] phoneprefix:[+86] username:[Jack001] password:[admin]],Path:localhost:8081/user/registeruser
2017-11-05 22:27:08 	 [ INFO] 	 <middleware.go:19>  	 Form:map[username:[Jack001] password:[admin] departname:[技术部] phone:[1239303020adfadf] phoneprefix:[+86]],Path:localhost:8081/user/registeruser
2017-11-05 22:27:08 	 [ INFO] 	 <middleware.go:19>  	 Form:map[departname:[技术部] phone:[1239303020adfadf] phoneprefix:[+86] username:[Jack001] password:[admin]],Path:localhost:8081/user/registeruser
2017-11-05 22:27:09 	 [ INFO] 	 <middleware.go:19>  	 Form:map[username:[Jack001] password:[admin] departname:[技术部] phone:[1239303020adfadf] phoneprefix:[+86]],Path:localhost:8081/user/registeruser
2017-11-05 22:27:09 	 [ INFO] 	 <middleware.go:19>  	 Form:map[departname:[技术部] phone:[1239303020adfadf] phoneprefix:[+86] username:[Jack001] password:[admin]],Path:localhost:8081/user/registeruser
2017-11-05 22:27:09 	 [ INFO] 	 <middleware.go:19>  	 Form:map[phoneprefix:[+86] username:[Jack001] password:[admin] departname:[技术部] phone:[1239303020adfadf]],Path:localhost:8081/user/registeruser
2017-11-05 22:27:09 	 [ INFO] 	 <middleware.go:19>  	 Form:map[phone:[1239303020adfadf] phoneprefix:[+86] username:[Jack001] password:[admin] departname:[技术部]],Path:localhost:8081/user/registeruser
2017-11-05 22:27:09 	 [ INFO] 	 <middleware.go:19>  	 Form:map[phone:[1239303020adfadf] phoneprefix:[+86] username:[Jack001] password:[admin] departname:[技术部]],Path:localhost:8081/user/registeruser
2017-11-05 22:27:10 	 [ INFO] 	 <middleware.go:19>  	 Form:map[phoneprefix:[+86] username:[Jack001] password:[admin] departname:[技术部] phone:[1239303020adfadf]],Path:localhost:8081/user/registeruser
2017-11-05 22:27:35 	 [ INFO] 	 <middleware.go:19>  	 Form:map[username:[Jack001] password:[admin] departname:[技术部] phone:[abc] phoneprefix:[+86]],Path:localhost:8081/user/registeruser
2017-11-05 22:27:36 	 [ INFO] 	 <middleware.go:19>  	 Form:map[username:[Jack001] password:[admin] departname:[技术部] phone:[abc] phoneprefix:[+86]],Path:localhost:8081/user/registeruser
2017-11-05 22:27:36 	 [ INFO] 	 <middleware.go:19>  	 Form:map[phoneprefix:[+86] username:[Jack001] password:[admin] departname:[技术部] phone:[abc]],Path:localhost:8081/user/registeruser
2017-11-05 22:27:36 	 [ INFO] 	 <middleware.go:19>  	 Form:map[departname:[技术部] phone:[abc] phoneprefix:[+86] username:[Jack001] password:[admin]],Path:localhost:8081/user/registeruser
2017-11-05 22:27:51 	 [ INFO] 	 <middleware.go:19>  	 Form:map[password:[admin] departname:[技术部] phone:[abc] phoneprefix:[+86] username:[Jack001]],Path:localhost:8081/user/registeruser
2017-11-05 22:27:52 	 [ INFO] 	 <middleware.go:19>  	 Form:map[username:[Jack001] password:[admin] departname:[技术部] phone:[abc] phoneprefix:[+86]],Path:localhost:8081/user/registeruser
2017-11-05 22:27:52 	 [ INFO] 	 <middleware.go:19>  	 Form:map[phoneprefix:[+86] username:[Jack001] password:[admin] departname:[技术部] phone:[abc]],Path:localhost:8081/user/registeruser
2017-11-05 22:27:53 	 [ INFO] 	 <middleware.go:19>  	 Form:map[phone:[abc] phoneprefix:[+86] username:[Jack001] password:[admin] departname:[技术部]],Path:localhost:8081/user/registeruser
2017-11-05 22:31:41 	 [ INFO] 	 <middleware.go:19>  	 Form:map[password:[admin] departname:[技术部] phone:[abc] phoneprefix:[+86] username:[Jack001]],Path:localhost:8081/user/registeruser
2017-11-05 22:31:42 	 [ INFO] 	 <middleware.go:19>  	 Form:map[username:[Jack001] password:[admin] departname:[技术部] phone:[abc] phoneprefix:[+86]],Path:localhost:8081/user/registeruser
2017-11-05 22:31:42 	 [ INFO] 	 <middleware.go:19>  	 Form:map[username:[Jack001] password:[admin] departname:[技术部] phone:[abc] phoneprefix:[+86]],Path:localhost:8081/user/registeruser
2017-11-05 22:31:43 	 [ INFO] 	 <middleware.go:19>  	 Form:map[username:[Jack001] password:[admin] departname:[技术部] phone:[abc] phoneprefix:[+86]],Path:localhost:8081/user/registeruser
2017-11-05 22:32:16 	 [ INFO] 	 <middleware.go:19>  	 Form:map[departname:[技术部] phone:[abc] phoneprefix:[+86] username:[Jack001] password:[admin]],Path:localhost:8081/user/registeruser
2017-11-05 22:32:39 	 [ INFO] 	 <middleware.go:19>  	 Form:map[phone:[abc] phoneprefix:[+86] username:[Jack001] password:[admin] departname:[技术部]],Path:localhost:8081/user/registeruser
2017-11-05 22:32:39 	 [ INFO] 	 <middleware.go:19>  	 Form:map[phone:[abc] phoneprefix:[+86] username:[Jack001] password:[admin] departname:[技术部]],Path:localhost:8081/user/registeruser
2017-11-05 22:35:50 	 [ INFO] 	 <middleware.go:19>  	 Form:map[password:[admin] departname:[技术部] phone:[abc] phoneprefix:[+86] username:[Jack001]],Path:localhost:8081/user/registeruser
2017-11-05 22:37:04 	 [ INFO] 	 <middleware.go:19>  	 Form:map[phoneprefix:[+86] username:[Jack001] password:[admin] departname:[技术部] phone:[abc]],Path:localhost:8081/user/registeruser
2017-11-05 22:41:54 	 [ INFO] 	 <middleware.go:19>  	 Form:map[phoneprefix:[+86] username:[Jack001] password:[admin] departname:[技术部] phone:[abc]],Path:localhost:8081/user/registeruser
2017-11-05 22:42:02 	 [ INFO] 	 <middleware.go:19>  	 Form:map[departname:[技术部] phone:[abc] phoneprefix:[+86] username:[Jack001_] password:[admin]],Path:localhost:8081/user/registeruser
2017-11-05 22:42:03 	 [ INFO] 	 <middleware.go:19>  	 Form:map[username:[Jack001_] password:[admin] departname:[技术部] phone:[abc] phoneprefix:[+86]],Path:localhost:8081/user/registeruser
2017-11-05 22:42:03 	 [ INFO] 	 <middleware.go:19>  	 Form:map[password:[admin] departname:[技术部] phone:[abc] phoneprefix:[+86] username:[Jack001_]],Path:localhost:8081/user/registeruser
2017-11-05 22:42:03 	 [ INFO] 	 <middleware.go:19>  	 Form:map[username:[Jack001_] password:[admin] departname:[技术部] phone:[abc] phoneprefix:[+86]],Path:localhost:8081/user/registeruser
2017-11-05 22:42:04 	 [ INFO] 	 <middleware.go:19>  	 Form:map[username:[Jack001_] password:[admin] departname:[技术部] phone:[abc] phoneprefix:[+86]],Path:localhost:8081/user/registeruser
2017-11-05 22:42:17 	 [ INFO] 	 <middleware.go:19>  	 Form:map[password:[Admin123] departname:[技术部] phone:[abc] phoneprefix:[+86] username:[Jack001_]],Path:localhost:8081/user/registeruser
2017-11-05 22:42:25 	 [ INFO] 	 <middleware.go:19>  	 Form:map[username:[Jack001_] password:[Admin12323] departname:[技术部] phone:[abc] phoneprefix:[+86]],Path:localhost:8081/user/registeruser
2017-11-05 22:42:25 	 [ INFO] 	 <middleware.go:19>  	 Form:map[phoneprefix:[+86] username:[Jack001_] password:[Admin12323] departname:[技术部] phone:[abc]],Path:localhost:8081/user/registeruser
2017-11-05 22:42:26 	 [ INFO] 	 <middleware.go:19>  	 Form:map[password:[Admin12323] departname:[技术部] phone:[abc] phoneprefix:[+86] username:[Jack001_]],Path:localhost:8081/user/registeruser
2017-11-05 22:42:26 	 [ INFO] 	 <middleware.go:19>  	 Form:map[password:[Admin12323] departname:[技术部] phone:[abc] phoneprefix:[+86] username:[Jack001_]],Path:localhost:8081/user/registeruser
2017-11-05 22:43:13 	 [ INFO] 	 <middleware.go:19>  	 Form:map[username:[Jack001_] password:[Admin12323] departname:[技术部] phone:[abc] phoneprefix:[+86]],Path:localhost:8081/user/registeruser
2017-11-05 22:43:13 	 [ INFO] 	 <middleware.go:19>  	 Form:map[phone:[abc] phoneprefix:[+86] username:[Jack001_] password:[Admin12323] departname:[技术部]],Path:localhost:8081/user/registeruser
2017-11-05 22:43:22 	 [ INFO] 	 <middleware.go:19>  	 Form:map[phoneprefix:[+86] username:[Jack001_] password:[Admin12323] departname:[技术部] phone:[abc]],Path:localhost:8081/user/registeruser
2017-11-05 22:43:23 	 [ INFO] 	 <middleware.go:19>  	 Form:map[phoneprefix:[+86] username:[Jack001_] password:[Admin12323] departname:[技术部] phone:[abc]],Path:localhost:8081/user/registeruser
2017-11-05 22:43:36 	 [ INFO] 	 <middleware.go:19>  	 Form:map[password:[Admin12323] departname:[技术部] phone:[13847499999] phoneprefix:[+86] username:[Jack001_]],Path:localhost:8081/user/registeruser
2017-11-05 22:43:56 	 [ INFO] 	 <middleware.go:19>  	 Form:map[password:[Admin12323] departname:[技术部] phone:[13343223454] phoneprefix:[+86] username:[Jack001_]],Path:localhost:8081/user/registeruser
2017-11-05 22:43:59 	 [ INFO] 	 <middleware.go:19>  	 Form:map[phoneprefix:[+86] username:[Jack001_] password:[Admin12323] departname:[技术部] phone:[13743223454]],Path:localhost:8081/user/registeruser
2017-11-05 22:44:54 	 [ INFO] 	 <middleware.go:19>  	 Form:map[phoneprefix:[+86] username:[Jack001_] password:[Admin12323] departname:[技术部] phone:[13743223454]],Path:localhost:8081/user/registeruser
2017-11-05 22:45:35 	 [ INFO] 	 <middleware.go:19>  	 Form:map[phoneprefix:[+86] sex:[2] username:[Jack001_] password:[Admin12323] departname:[技术部] phone:[13743223454]],Path:localhost:8081/user/registeruser
2017-11-05 22:47:49 	 [ INFO] 	 <middleware.go:19>  	 Form:map[departname:[技术部] phone:[13743223454] phoneprefix:[+86] sex:[2] username:[Jack001_] password:[Admin12323]],Path:localhost:8081/user/registeruser
